2017/11/19 13:28:36 ZEBRA: MESSAGE: ZEBRA_INTERFACE_ADDRESS_ADD 2001:1:0:23::3/64 on r3-eth1
2017/11/19 13:28:36 ZEBRA: MESSAGE: ZEBRA_INTERFACE_ADDRESS_ADD 10.10.35.3/24 on r3-eth2
2017/11/19 13:28:36 ZEBRA: MESSAGE: ZEBRA_INTERFACE_ADDRESS_ADD 2001:1:0:35::3/64 on r3-eth2
2017/11/19 13:28:36 ZEBRA: Zebra 0.99.22.4 starting: vty@2601
2017/11/19 13:28:36 ZEBRA: zebra message comes from socket [16]
2017/11/19 13:28:36 ZEBRA: zebra message received [ZEBRA_HELLO] 1
2017/11/19 13:28:36 ZEBRA: client 16 says hello and bids fair to announce only ospf routes
2017/11/19 13:28:36 ZEBRA: zebra message comes from socket [16]
2017/11/19 13:28:36 ZEBRA: zebra message received [ZEBRA_ROUTER_ID_ADD] 0
2017/11/19 13:28:36 ZEBRA: zebra message comes from socket [16]
2017/11/19 13:28:36 ZEBRA: zebra message received [ZEBRA_INTERFACE_ADD] 0
2017/11/19 13:28:36 ZEBRA: zebra message comes from socket [17]
2017/11/19 13:28:36 ZEBRA: zebra message received [ZEBRA_HELLO] 1
2017/11/19 13:28:36 ZEBRA: client 17 says hello and bids fair to announce only ospf6 routes
2017/11/19 13:28:36 ZEBRA: zebra message comes from socket [17]
2017/11/19 13:28:36 ZEBRA: zebra message received [ZEBRA_ROUTER_ID_ADD] 0
2017/11/19 13:28:36 ZEBRA: zebra message comes from socket [17]
2017/11/19 13:28:36 ZEBRA: zebra message received [ZEBRA_INTERFACE_ADD] 0
2017/11/19 13:28:36 ZEBRA: zebra message comes from socket [16]
2017/11/19 13:28:36 ZEBRA: zebra message received [ZEBRA_IPV4_ROUTE_ADD] 19
2017/11/19 13:28:36 ZEBRA: zebra message comes from socket [16]
2017/11/19 13:28:36 ZEBRA: zebra message received [ZEBRA_IPV4_ROUTE_ADD] 19
2017/11/19 13:28:38 ZEBRA: zebra message comes from socket [17]
2017/11/19 13:28:38 ZEBRA: zebra message received [ZEBRA_IPV6_ROUTE_ADD] 41
2017/11/19 13:28:48 ZEBRA: zebra message comes from socket [16]
2017/11/19 13:28:48 ZEBRA: zebra message received [ZEBRA_IPV4_ROUTE_ADD] 23
2017/11/19 13:28:48 ZEBRA: zebra message comes from socket [16]
2017/11/19 13:28:48 ZEBRA: zebra message received [ZEBRA_IPV4_ROUTE_ADD] 23
2017/11/19 13:28:48 ZEBRA: zebra message comes from socket [16]
2017/11/19 13:28:48 ZEBRA: zebra message received [ZEBRA_IPV4_ROUTE_ADD] 23
2017/11/19 13:29:04 ZEBRA: zebra message comes from socket [17]
2017/11/19 13:29:04 ZEBRA: zebra message received [ZEBRA_IPV6_ROUTE_ADD] 41
2017/11/19 13:29:08 ZEBRA: zebra message comes from socket [17]
2017/11/19 13:29:08 ZEBRA: zebra message received [ZEBRA_IPV6_ROUTE_ADD] 41
2017/11/19 13:29:08 ZEBRA: zebra message comes from socket [17]
2017/11/19 13:29:08 ZEBRA: zebra message received [ZEBRA_IPV6_ROUTE_ADD] 41
2017/11/19 13:29:08 ZEBRA: zebra message comes from socket [17]
2017/11/19 13:29:08 ZEBRA: zebra message received [ZEBRA_IPV6_ROUTE_ADD] 41
2017/11/19 13:29:08 ZEBRA: zebra message comes from socket [17]
2017/11/19 13:29:08 ZEBRA: zebra message received [ZEBRA_IPV6_ROUTE_ADD] 41
2017/11/19 13:29:08 ZEBRA: zebra message comes from socket [17]
2017/11/19 13:29:08 ZEBRA: zebra message received [ZEBRA_IPV6_ROUTE_ADD] 41
2017/11/19 13:29:13 ZEBRA: zebra message comes from socket [16]
2017/11/19 13:29:13 ZEBRA: zebra message received [ZEBRA_IPV4_ROUTE_ADD] 23
2017/11/19 13:29:18 ZEBRA: zebra message comes from socket [16]
2017/11/19 13:29:18 ZEBRA: zebra message received [ZEBRA_IPV4_ROUTE_ADD] 23
2017/11/19 13:29:29 ZEBRA: zebra message comes from socket [17]
2017/11/19 13:29:29 ZEBRA: zebra message received [ZEBRA_IPV6_ROUTE_DELETE] 41
2017/11/19 13:29:34 ZEBRA: zebra message comes from socket [17]
2017/11/19 13:29:34 ZEBRA: zebra message received [ZEBRA_IPV6_ROUTE_ADD] 41
2017/11/19 13:29:34 ZEBRA: zebra message comes from socket [17]
2017/11/19 13:29:34 ZEBRA: zebra message received [ZEBRA_IPV6_ROUTE_ADD] 41
2017/11/19 13:29:39 ZEBRA: zebra message comes from socket [17]
2017/11/19 13:29:39 ZEBRA: zebra message received [ZEBRA_IPV6_ROUTE_ADD] 41
2017/11/19 13:29:39 ZEBRA: zebra message comes from socket [17]
2017/11/19 13:29:39 ZEBRA: zebra message received [ZEBRA_IPV6_ROUTE_DELETE] 41
2017/11/19 13:29:39 ZEBRA: zebra message comes from socket [17]
2017/11/19 13:29:39 ZEBRA: zebra message received [ZEBRA_IPV6_ROUTE_DELETE] 41
2017/11/19 13:29:39 ZEBRA: zebra message comes from socket [17]
2017/11/19 13:29:39 ZEBRA: zebra message received [ZEBRA_IPV6_ROUTE_ADD] 41
2017/11/19 13:29:39 ZEBRA: zebra message comes from socket [17]
2017/11/19 13:29:39 ZEBRA: zebra message received [ZEBRA_IPV6_ROUTE_ADD] 63
2017/11/19 13:29:39 ZEBRA: zebra message comes from socket [17]
2017/11/19 13:29:39 ZEBRA: zebra message received [ZEBRA_IPV6_ROUTE_ADD] 41
2017/11/19 13:29:39 ZEBRA: zebra message comes from socket [17]
2017/11/19 13:29:39 ZEBRA: zebra message received [ZEBRA_IPV6_ROUTE_ADD] 41
2017/11/19 13:29:45 ZEBRA: zebra message comes from socket [16]
2017/11/19 13:29:45 ZEBRA: zebra message received [ZEBRA_IPV4_ROUTE_ADD] 32
2017/11/19 13:29:45 ZEBRA: zebra message comes from socket [16]
2017/11/19 13:29:45 ZEBRA: zebra message received [ZEBRA_IPV4_ROUTE_ADD] 23
2017/11/19 13:37:11 ZEBRA: zebra message comes from socket [17]
2017/11/19 13:37:11 ZEBRA: zebra message received [ZEBRA_IPV6_ROUTE_DELETE] 41
2017/11/19 13:37:11 ZEBRA: zebra message comes from socket [17]
2017/11/19 13:37:11 ZEBRA: zebra message received [ZEBRA_IPV6_ROUTE_ADD] 41
2017/11/19 13:37:11 ZEBRA: zebra message comes from socket [17]
2017/11/19 13:37:11 ZEBRA: zebra message received [ZEBRA_IPV6_ROUTE_ADD] 41
2017/11/19 13:37:11 ZEBRA: zebra message comes from socket [17]
2017/11/19 13:37:11 ZEBRA: zebra message received [ZEBRA_IPV6_ROUTE_DELETE] 41
2017/11/19 13:37:11 ZEBRA: zebra message comes from socket [17]
2017/11/19 13:37:11 ZEBRA: zebra message received [ZEBRA_IPV6_ROUTE_DELETE] 41
2017/11/19 13:37:11 ZEBRA: zebra message comes from socket [16]
2017/11/19 13:37:11 ZEBRA: zebra message received [ZEBRA_IPV4_ROUTE_DELETE] 19
2017/11/19 13:37:18 ZEBRA: zebra message comes from socket [17]
2017/11/19 13:37:18 ZEBRA: zebra message received [ZEBRA_IPV6_ROUTE_DELETE] 41
2017/11/19 13:37:18 ZEBRA: zebra message comes from socket [17]
2017/11/19 13:37:18 ZEBRA: zebra message received [ZEBRA_IPV6_ROUTE_DELETE] 41
2017/11/19 13:37:18 ZEBRA: zebra message comes from socket [17]
2017/11/19 13:37:18 ZEBRA: zebra message received [ZEBRA_IPV6_ROUTE_ADD] 41
2017/11/19 13:37:18 ZEBRA: zebra message comes from socket [17]
2017/11/19 13:37:18 ZEBRA: zebra message received [ZEBRA_IPV6_ROUTE_ADD] 41
2017/11/19 13:37:18 ZEBRA: zebra message comes from socket [17]
2017/11/19 13:37:18 ZEBRA: zebra message received [ZEBRA_IPV6_ROUTE_ADD] 41
2017/11/19 13:37:18 ZEBRA: zebra message comes from socket [17]
2017/11/19 13:37:18 ZEBRA: zebra message received [ZEBRA_IPV6_ROUTE_ADD] 41
2017/11/19 13:37:18 ZEBRA: zebra message comes from socket [17]
2017/11/19 13:37:18 ZEBRA: zebra message received [ZEBRA_IPV6_ROUTE_DELETE] 41
2017/11/19 13:37:18 ZEBRA: zebra message comes from socket [17]
2017/11/19 13:37:18 ZEBRA: zebra message received [ZEBRA_IPV6_ROUTE_DELETE] 41
2017/11/19 13:37:18 ZEBRA: zebra message comes from socket [17]
2017/11/19 13:37:18 ZEBRA: zebra message received [ZEBRA_IPV6_ROUTE_ADD] 41
2017/11/19 13:37:18 ZEBRA: zebra message comes from socket [17]
2017/11/19 13:37:18 ZEBRA: zebra message received [ZEBRA_IPV6_ROUTE_ADD] 41
2017/11/19 13:37:18 ZEBRA: zebra message comes from socket [16]
2017/11/19 13:37:18 ZEBRA: zebra message received [ZEBRA_IPV4_ROUTE_ADD] 23
2017/11/19 13:37:23 ZEBRA: zebra message comes from socket [17]
2017/11/19 13:37:23 ZEBRA: zebra message received [ZEBRA_IPV6_ROUTE_ADD] 41
2017/11/19 13:37:23 ZEBRA: zebra message comes from socket [17]
2017/11/19 13:37:23 ZEBRA: zebra message received [ZEBRA_IPV6_ROUTE_DELETE] 41
2017/11/19 13:37:23 ZEBRA: zebra message comes from socket [17]
2017/11/19 13:37:23 ZEBRA: zebra message received [ZEBRA_IPV6_ROUTE_DELETE] 41
2017/11/19 13:37:23 ZEBRA: zebra message comes from socket [17]
2017/11/19 13:37:23 ZEBRA: zebra message received [ZEBRA_IPV6_ROUTE_DELETE] 41
2017/11/19 13:37:23 ZEBRA: zebra message comes from socket [17]
2017/11/19 13:37:23 ZEBRA: zebra message received [ZEBRA_IPV6_ROUTE_ADD] 41
2017/11/19 13:37:23 ZEBRA: zebra message comes from socket [17]
2017/11/19 13:37:23 ZEBRA: zebra message received [ZEBRA_IPV6_ROUTE_ADD] 41
2017/11/19 13:37:23 ZEBRA: zebra message comes from socket [16]
2017/11/19 13:37:23 ZEBRA: zebra message received [ZEBRA_IPV4_ROUTE_DELETE] 19
2017/11/19 13:37:28 ZEBRA: zebra message comes from socket [17]
2017/11/19 13:37:28 ZEBRA: zebra message received [ZEBRA_IPV6_ROUTE_ADD] 41
2017/11/19 13:37:33 ZEBRA: zebra message comes from socket [16]
2017/11/19 13:37:33 ZEBRA: zebra message received [ZEBRA_IPV4_ROUTE_ADD] 23
2017/11/19 13:37:33 ZEBRA: zebra message comes from socket [16]
2017/11/19 13:37:33 ZEBRA: zebra message received [ZEBRA_IPV4_ROUTE_ADD] 23
2017/11/19 13:45:00 ZEBRA: zebra message comes from socket [17]
2017/11/19 13:45:00 ZEBRA: zebra message received [ZEBRA_IPV6_ROUTE_DELETE] 41
2017/11/19 13:45:00 ZEBRA: zebra message comes from socket [17]
2017/11/19 13:45:00 ZEBRA: zebra message received [ZEBRA_IPV6_ROUTE_DELETE] 41
2017/11/19 13:45:00 ZEBRA: zebra message comes from socket [17]
2017/11/19 13:45:00 ZEBRA: zebra message received [ZEBRA_IPV6_ROUTE_ADD] 41
2017/11/19 13:45:00 ZEBRA: zebra message comes from socket [17]
2017/11/19 13:45:00 ZEBRA: zebra message received [ZEBRA_IPV6_ROUTE_DELETE] 41
2017/11/19 13:45:00 ZEBRA: zebra message comes from socket [17]
2017/11/19 13:45:00 ZEBRA: zebra message received [ZEBRA_IPV6_ROUTE_DELETE] 41
2017/11/19 13:45:00 ZEBRA: zebra message comes from socket [17]
2017/11/19 13:45:00 ZEBRA: zebra message received [ZEBRA_IPV6_ROUTE_DELETE] 41
2017/11/19 13:45:00 ZEBRA: MESSAGE: ZEBRA_INTERFACE_DOWN r3-eth1
2017/11/19 13:45:00 ZEBRA: zebra message comes from socket [17]
2017/11/19 13:45:00 ZEBRA: zebra message received [ZEBRA_IPV6_ROUTE_ADD] 41
2017/11/19 13:45:01 ZEBRA: zebra message comes from socket [17]
2017/11/19 13:45:01 ZEBRA: zebra message received [ZEBRA_IPV6_ROUTE_ADD] 41
2017/11/19 13:45:01 ZEBRA: MESSAGE: ZEBRA_INTERFACE_ADDRESS_DELETE 2001:1:0:23::3/64 on r3-eth1
2017/11/19 13:45:01 ZEBRA: MESSAGE: ZEBRA_INTERFACE_ADDRESS_DELETE fe80::7ca0:f9ff:feaa:cd32/64 on r3-eth1
2017/11/19 13:45:01 ZEBRA: MESSAGE: ZEBRA_INTERFACE_ADDRESS_DELETE 10.10.23.3/24 on r3-eth1
2017/11/19 13:45:01 ZEBRA: MESSAGE: ZEBRA_INTERFACE_ADDRESS_DELETE 2001:1:0:23::3/64 on r3-eth1
2017/11/19 13:45:01 ZEBRA: MESSAGE: ZEBRA_INTERFACE_DELETE r3-eth1
2017/11/19 13:45:01 ZEBRA: zebra message comes from socket [17]
2017/11/19 13:45:01 ZEBRA: zebra message received [ZEBRA_IPV6_ROUTE_DELETE] 41
2017/11/19 13:45:01 ZEBRA: zebra message comes from socket [17]
2017/11/19 13:45:01 ZEBRA: zebra message received [ZEBRA_IPV6_ROUTE_DELETE] 41
2017/11/19 13:45:01 ZEBRA: zebra message comes from socket [16]
2017/11/19 13:45:01 ZEBRA: zebra message received [ZEBRA_IPV4_ROUTE_DELETE] 19
2017/11/19 13:45:01 ZEBRA: zebra message comes from socket [16]
2017/11/19 13:45:01 ZEBRA: zebra message received [ZEBRA_IPV4_ROUTE_DELETE] 19
2017/11/19 13:45:01 ZEBRA: zebra message comes from socket [16]
2017/11/19 13:45:01 ZEBRA: zebra message received [ZEBRA_IPV4_ROUTE_DELETE] 19
2017/11/19 13:45:01 ZEBRA: zebra message comes from socket [16]
2017/11/19 13:45:01 ZEBRA: zebra message received [ZEBRA_IPV4_ROUTE_DELETE] 15
2017/11/19 13:45:01 ZEBRA: zebra message comes from socket [16]
2017/11/19 13:45:01 ZEBRA: zebra message received [ZEBRA_IPV4_ROUTE_ADD] 23
2017/11/19 13:45:01 ZEBRA: zebra message comes from socket [16]
2017/11/19 13:45:01 ZEBRA: zebra message received [ZEBRA_IPV4_ROUTE_ADD] 23
2017/11/19 13:45:01 ZEBRA: zebra message comes from socket [17]
2017/11/19 13:45:01 ZEBRA: zebra message received [ZEBRA_IPV6_ROUTE_DELETE] 41
2017/11/19 13:45:01 ZEBRA: MESSAGE: ZEBRA_INTERFACE_DOWN r3-eth2
2017/11/19 13:45:01 ZEBRA: MESSAGE: ZEBRA_INTERFACE_ADDRESS_DELETE 2001:1:0:35::3/64 on r3-eth2
2017/11/19 13:45:01 ZEBRA: MESSAGE: ZEBRA_INTERFACE_ADDRESS_DELETE fe80::b462:3dff:fe03:3dda/64 on r3-eth2
2017/11/19 13:45:01 ZEBRA: zebra message comes from socket [17]
2017/11/19 13:45:01 ZEBRA: zebra message received [ZEBRA_IPV6_ROUTE_DELETE] 41
2017/11/19 13:45:01 ZEBRA: MESSAGE: ZEBRA_INTERFACE_ADDRESS_DELETE 10.10.35.3/24 on r3-eth2
2017/11/19 13:45:01 ZEBRA: MESSAGE: ZEBRA_INTERFACE_ADDRESS_DELETE 2001:1:0:35::3/64 on r3-eth2
2017/11/19 13:45:01 ZEBRA: MESSAGE: ZEBRA_INTERFACE_DELETE r3-eth2
2017/11/19 13:45:36 ZEBRA: MESSAGE: ZEBRA_INTERFACE_ADDRESS_ADD 2001:1:0:23::3/64 on r3-eth1
2017/11/19 13:45:36 ZEBRA: MESSAGE: ZEBRA_INTERFACE_ADDRESS_ADD 10.10.35.3/24 on r3-eth2
2017/11/19 13:45:36 ZEBRA: MESSAGE: ZEBRA_INTERFACE_ADDRESS_ADD 2001:1:0:35::3/64 on r3-eth2
2017/11/19 13:45:36 ZEBRA: Zebra 0.99.22.4 starting: vty@2601
2017/11/19 13:45:36 ZEBRA: zebra message comes from socket [16]
2017/11/19 13:45:36 ZEBRA: zebra message received [ZEBRA_HELLO] 1
2017/11/19 13:45:36 ZEBRA: client 16 says hello and bids fair to announce only ospf routes
2017/11/19 13:45:36 ZEBRA: zebra message comes from socket [16]
2017/11/19 13:45:36 ZEBRA: zebra message received [ZEBRA_ROUTER_ID_ADD] 0
2017/11/19 13:45:36 ZEBRA: zebra message comes from socket [16]
2017/11/19 13:45:36 ZEBRA: zebra message received [ZEBRA_INTERFACE_ADD] 0
2017/11/19 13:45:36 ZEBRA: zebra message comes from socket [17]
2017/11/19 13:45:36 ZEBRA: zebra message received [ZEBRA_HELLO] 1
2017/11/19 13:45:36 ZEBRA: client 17 says hello and bids fair to announce only ospf6 routes
2017/11/19 13:45:36 ZEBRA: zebra message comes from socket [17]
2017/11/19 13:45:36 ZEBRA: zebra message received [ZEBRA_ROUTER_ID_ADD] 0
2017/11/19 13:45:36 ZEBRA: zebra message comes from socket [17]
2017/11/19 13:45:36 ZEBRA: zebra message received [ZEBRA_INTERFACE_ADD] 0
2017/11/19 13:45:36 ZEBRA: zebra message comes from socket [16]
2017/11/19 13:45:36 ZEBRA: zebra message received [ZEBRA_IPV4_ROUTE_ADD] 19
2017/11/19 13:45:36 ZEBRA: zebra message comes from socket [16]
2017/11/19 13:45:36 ZEBRA: zebra message received [ZEBRA_IPV4_ROUTE_ADD] 19
2017/11/19 13:46:16 ZEBRA: zebra message comes from socket [17]
2017/11/19 13:46:16 ZEBRA: zebra message received [ZEBRA_IPV6_ROUTE_ADD] 41
2017/11/19 13:46:16 ZEBRA: zebra message comes from socket [17]
2017/11/19 13:46:16 ZEBRA: zebra message received [ZEBRA_IPV6_ROUTE_ADD] 41
2017/11/19 13:46:16 ZEBRA: zebra message comes from socket [16]
2017/11/19 13:46:16 ZEBRA: zebra message received [ZEBRA_IPV4_ROUTE_DELETE] 15
2017/11/19 13:46:17 ZEBRA: zebra message comes from socket [17]
2017/11/19 13:46:17 ZEBRA: zebra message received [ZEBRA_IPV6_ROUTE_ADD] 41
2017/11/19 13:46:17 ZEBRA: zebra message comes from socket [17]
2017/11/19 13:46:17 ZEBRA: zebra message received [ZEBRA_IPV6_ROUTE_ADD] 41
2017/11/19 13:46:17 ZEBRA: zebra message comes from socket [17]
2017/11/19 13:46:17 ZEBRA: zebra message received [ZEBRA_IPV6_ROUTE_ADD] 41
2017/11/19 13:46:17 ZEBRA: zebra message comes from socket [17]
2017/11/19 13:46:17 ZEBRA: zebra message received [ZEBRA_IPV6_ROUTE_ADD] 41
2017/11/19 13:46:17 ZEBRA: zebra message comes from socket [17]
2017/11/19 13:46:17 ZEBRA: zebra message received [ZEBRA_IPV6_ROUTE_ADD] 41
2017/11/19 13:46:17 ZEBRA: zebra message comes from socket [17]
2017/11/19 13:46:17 ZEBRA: zebra message received [ZEBRA_IPV6_ROUTE_DELETE] 41
2017/11/19 13:46:17 ZEBRA: zebra message comes from socket [17]
2017/11/19 13:46:17 ZEBRA: zebra message received [ZEBRA_IPV6_ROUTE_ADD] 41
2017/11/19 13:46:17 ZEBRA: zebra message comes from socket [16]
2017/11/19 13:46:17 ZEBRA: zebra message received [ZEBRA_IPV4_ROUTE_ADD] 19
2017/11/19 13:46:21 ZEBRA: zebra message comes from socket [17]
2017/11/19 13:46:21 ZEBRA: zebra message received [ZEBRA_IPV6_ROUTE_DELETE] 41
2017/11/19 13:46:21 ZEBRA: zebra message comes from socket [17]
2017/11/19 13:46:21 ZEBRA: zebra message received [ZEBRA_IPV6_ROUTE_DELETE] 41
2017/11/19 13:46:21 ZEBRA: zebra message comes from socket [17]
2017/11/19 13:46:21 ZEBRA: zebra message received [ZEBRA_IPV6_ROUTE_ADD] 41
2017/11/19 13:46:21 ZEBRA: zebra message comes from socket [17]
2017/11/19 13:46:21 ZEBRA: zebra message received [ZEBRA_IPV6_ROUTE_ADD] 41
2017/11/19 13:46:21 ZEBRA: zebra message comes from socket [17]
2017/11/19 13:46:21 ZEBRA: zebra message received [ZEBRA_IPV6_ROUTE_DELETE] 41
2017/11/19 13:46:21 ZEBRA: zebra message comes from socket [17]
2017/11/19 13:46:21 ZEBRA: zebra message received [ZEBRA_IPV6_ROUTE_DELETE] 41
2017/11/19 13:46:21 ZEBRA: zebra message comes from socket [17]
2017/11/19 13:46:21 ZEBRA: zebra message received [ZEBRA_IPV6_ROUTE_ADD] 41
2017/11/19 13:46:21 ZEBRA: zebra message comes from socket [17]
2017/11/19 13:46:21 ZEBRA: zebra message received [ZEBRA_IPV6_ROUTE_ADD] 41
2017/11/19 13:46:21 ZEBRA: zebra message comes from socket [17]
2017/11/19 13:46:21 ZEBRA: zebra message received [ZEBRA_IPV6_ROUTE_ADD] 41
2017/11/19 13:46:21 ZEBRA: zebra message comes from socket [17]
2017/11/19 13:46:21 ZEBRA: zebra message received [ZEBRA_IPV6_ROUTE_DELETE] 41
2017/11/19 13:46:21 ZEBRA: zebra message comes from socket [17]
2017/11/19 13:46:21 ZEBRA: zebra message received [ZEBRA_IPV6_ROUTE_ADD] 41
2017/11/19 13:46:21 ZEBRA: zebra message comes from socket [17]
2017/11/19 13:46:21 ZEBRA: zebra message received [ZEBRA_IPV6_ROUTE_ADD] 63
2017/11/19 13:46:21 ZEBRA: zebra message comes from socket [17]
2017/11/19 13:46:21 ZEBRA: zebra message received [ZEBRA_IPV6_ROUTE_ADD] 41
2017/11/19 13:46:26 ZEBRA: zebra message comes from socket [16]
2017/11/19 13:46:26 ZEBRA: zebra message received [ZEBRA_IPV4_ROUTE_ADD] 23
2017/11/19 13:46:26 ZEBRA: zebra message comes from socket [16]
2017/11/19 13:46:26 ZEBRA: zebra message received [ZEBRA_IPV4_ROUTE_ADD] 23
2017/11/19 13:46:26 ZEBRA: zebra message comes from socket [16]
2017/11/19 13:46:26 ZEBRA: zebra message received [ZEBRA_IPV4_ROUTE_ADD] 23
2017/11/19 13:46:26 ZEBRA: zebra message comes from socket [16]
2017/11/19 13:46:26 ZEBRA: zebra message received [ZEBRA_IPV4_ROUTE_ADD] 23
2017/11/19 13:46:26 ZEBRA: zebra message comes from socket [16]
2017/11/19 13:46:26 ZEBRA: zebra message received [ZEBRA_IPV4_ROUTE_ADD] 32
2017/11/19 13:46:26 ZEBRA: zebra message comes from socket [16]
2017/11/19 13:46:26 ZEBRA: zebra message received [ZEBRA_IPV4_ROUTE_ADD] 23
2017/11/19 14:02:33 ZEBRA: zebra message comes from socket [17]
2017/11/19 14:02:33 ZEBRA: zebra message received [ZEBRA_IPV6_ROUTE_DELETE] 41
2017/11/19 14:02:33 ZEBRA: zebra message comes from socket [17]
2017/11/19 14:02:33 ZEBRA: zebra message received [ZEBRA_IPV6_ROUTE_ADD] 41
2017/11/19 14:02:33 ZEBRA: zebra message comes from socket [17]
2017/11/19 14:02:33 ZEBRA: zebra message received [ZEBRA_IPV6_ROUTE_ADD] 41
2017/11/19 14:02:33 ZEBRA: zebra message comes from socket [17]
2017/11/19 14:02:33 ZEBRA: zebra message received [ZEBRA_IPV6_ROUTE_DELETE] 41
2017/11/19 14:02:33 ZEBRA: zebra message comes from socket [17]
2017/11/19 14:02:33 ZEBRA: zebra message received [ZEBRA_IPV6_ROUTE_DELETE] 41
2017/11/19 14:02:33 ZEBRA: zebra message comes from socket [16]
2017/11/19 14:02:33 ZEBRA: zebra message received [ZEBRA_IPV4_ROUTE_DELETE] 19
2017/11/19 14:02:33 ZEBRA: zebra message comes from socket [16]
2017/11/19 14:02:33 ZEBRA: zebra message received [ZEBRA_IPV4_ROUTE_DELETE] 19
2017/11/19 14:02:37 ZEBRA: zebra message comes from socket [17]
2017/11/19 14:02:37 ZEBRA: zebra message received [ZEBRA_IPV6_ROUTE_DELETE] 41
2017/11/19 14:02:37 ZEBRA: zebra message comes from socket [17]
2017/11/19 14:02:37 ZEBRA: zebra message received [ZEBRA_IPV6_ROUTE_DELETE] 41
2017/11/19 14:02:37 ZEBRA: zebra message comes from socket [17]
2017/11/19 14:02:37 ZEBRA: zebra message received [ZEBRA_IPV6_ROUTE_ADD] 41
2017/11/19 14:02:37 ZEBRA: zebra message comes from socket [17]
2017/11/19 14:02:37 ZEBRA: zebra message received [ZEBRA_IPV6_ROUTE_ADD] 41
2017/11/19 14:02:37 ZEBRA: zebra message comes from socket [17]
2017/11/19 14:02:37 ZEBRA: zebra message received [ZEBRA_IPV6_ROUTE_ADD] 41
2017/11/19 14:02:37 ZEBRA: zebra message comes from socket [17]
2017/11/19 14:02:37 ZEBRA: zebra message received [ZEBRA_IPV6_ROUTE_ADD] 41
2017/11/19 14:02:37 ZEBRA: zebra message comes from socket [17]
2017/11/19 14:02:37 ZEBRA: zebra message received [ZEBRA_IPV6_ROUTE_DELETE] 41
2017/11/19 14:02:37 ZEBRA: zebra message comes from socket [17]
2017/11/19 14:02:37 ZEBRA: zebra message received [ZEBRA_IPV6_ROUTE_DELETE] 41
2017/11/19 14:02:37 ZEBRA: zebra message comes from socket [17]
2017/11/19 14:02:37 ZEBRA: zebra message received [ZEBRA_IPV6_ROUTE_ADD] 41
2017/11/19 14:02:37 ZEBRA: zebra message comes from socket [17]
2017/11/19 14:02:37 ZEBRA: zebra message received [ZEBRA_IPV6_ROUTE_ADD] 41
2017/11/19 14:02:37 ZEBRA: zebra message comes from socket [16]
2017/11/19 14:02:37 ZEBRA: zebra message received [ZEBRA_IPV4_ROUTE_ADD] 23
2017/11/19 14:02:37 ZEBRA: zebra message comes from socket [16]
2017/11/19 14:02:37 ZEBRA: zebra message received [ZEBRA_IPV4_ROUTE_ADD] 23
2017/11/19 14:02:42 ZEBRA: zebra message comes from socket [16]
2017/11/19 14:02:42 ZEBRA: zebra message received [ZEBRA_IPV4_ROUTE_DELETE] 19
2017/11/19 14:02:42 ZEBRA: zebra message comes from socket [16]
2017/11/19 14:02:42 ZEBRA: zebra message received [ZEBRA_IPV4_ROUTE_DELETE] 19
2017/11/19 14:02:42 ZEBRA: zebra message comes from socket [17]
2017/11/19 14:02:42 ZEBRA: zebra message received [ZEBRA_IPV6_ROUTE_DELETE] 41
2017/11/19 14:02:42 ZEBRA: zebra message comes from socket [17]
2017/11/19 14:02:42 ZEBRA: zebra message received [ZEBRA_IPV6_ROUTE_DELETE] 41
2017/11/19 14:02:42 ZEBRA: zebra message comes from socket [17]
2017/11/19 14:02:42 ZEBRA: zebra message received [ZEBRA_IPV6_ROUTE_ADD] 41
2017/11/19 14:02:42 ZEBRA: zebra message comes from socket [17]
2017/11/19 14:02:42 ZEBRA: zebra message received [ZEBRA_IPV6_ROUTE_ADD] 41
2017/11/19 14:02:43 ZEBRA: zebra message comes from socket [16]
2017/11/19 14:02:43 ZEBRA: zebra message received [ZEBRA_IPV4_ROUTE_ADD] 23
2017/11/19 14:02:43 ZEBRA: zebra message comes from socket [16]
2017/11/19 14:02:43 ZEBRA: zebra message received [ZEBRA_IPV4_ROUTE_ADD] 23
2017/11/19 14:10:23 ZEBRA: zebra message comes from socket [17]
2017/11/19 14:10:23 ZEBRA: zebra message received [ZEBRA_IPV6_ROUTE_DELETE] 41
2017/11/19 14:10:23 ZEBRA: zebra message comes from socket [17]
2017/11/19 14:10:23 ZEBRA: zebra message received [ZEBRA_IPV6_ROUTE_DELETE] 41
2017/11/19 14:10:23 ZEBRA: zebra message comes from socket [17]
2017/11/19 14:10:23 ZEBRA: zebra message received [ZEBRA_IPV6_ROUTE_ADD] 41
2017/11/19 14:10:23 ZEBRA: zebra message comes from socket [17]
2017/11/19 14:10:23 ZEBRA: zebra message received [ZEBRA_IPV6_ROUTE_ADD] 41
2017/11/19 14:10:27 ZEBRA: zebra message comes from socket [17]
2017/11/19 14:10:27 ZEBRA: zebra message received [ZEBRA_IPV6_ROUTE_ADD] 41
2017/11/19 14:10:27 ZEBRA: zebra message comes from socket [17]
2017/11/19 14:10:27 ZEBRA: zebra message received [ZEBRA_IPV6_ROUTE_ADD] 41
2017/11/19 14:10:27 ZEBRA: zebra message comes from socket [17]
2017/11/19 14:10:27 ZEBRA: zebra message received [ZEBRA_IPV6_ROUTE_ADD] 63
2017/11/19 14:10:33 ZEBRA: zebra message comes from socket [16]
2017/11/19 14:10:33 ZEBRA: zebra message received [ZEBRA_IPV4_ROUTE_ADD] 32
2017/11/19 14:47:29 ZEBRA: zebra message comes from socket [17]
2017/11/19 14:47:29 ZEBRA: zebra message received [ZEBRA_IPV6_ROUTE_DELETE] 41
2017/11/19 14:47:29 ZEBRA: zebra message comes from socket [17]
2017/11/19 14:47:29 ZEBRA: zebra message received [ZEBRA_IPV6_ROUTE_ADD] 41
2017/11/19 14:47:29 ZEBRA: zebra message comes from socket [17]
2017/11/19 14:47:29 ZEBRA: zebra message received [ZEBRA_IPV6_ROUTE_ADD] 41
2017/11/19 14:47:30 ZEBRA: zebra message comes from socket [16]
2017/11/19 14:47:30 ZEBRA: zebra message received [ZEBRA_IPV4_ROUTE_DELETE] 19
2017/11/19 14:47:30 ZEBRA: zebra message comes from socket [16]
2017/11/19 14:47:30 ZEBRA: zebra message received [ZEBRA_IPV4_ROUTE_ADD] 23
2017/11/19 14:47:30 ZEBRA: zebra message comes from socket [16]
2017/11/19 14:47:30 ZEBRA: zebra message received [ZEBRA_IPV4_ROUTE_ADD] 23
2017/11/19 14:48:08 ZEBRA: zebra message comes from socket [17]
2017/11/19 14:48:08 ZEBRA: zebra message received [ZEBRA_IPV6_ROUTE_DELETE] 41
2017/11/19 14:48:08 ZEBRA: zebra message comes from socket [17]
2017/11/19 14:48:08 ZEBRA: zebra message received [ZEBRA_IPV6_ROUTE_ADD] 41
2017/11/19 14:48:08 ZEBRA: zebra message comes from socket [17]
2017/11/19 14:48:08 ZEBRA: zebra message received [ZEBRA_IPV6_ROUTE_ADD] 41
2017/11/19 14:48:08 ZEBRA: zebra message comes from socket [16]
2017/11/19 14:48:08 ZEBRA: zebra message received [ZEBRA_IPV4_ROUTE_ADD] 23
2017/11/19 14:53:21 ZEBRA: zebra message comes from socket [16]
2017/11/19 14:53:21 ZEBRA: zebra message received [ZEBRA_IPV4_ROUTE_DELETE] 19
2017/11/19 14:53:21 ZEBRA: zebra message comes from socket [16]
2017/11/19 14:53:21 ZEBRA: zebra message received [ZEBRA_IPV4_ROUTE_ADD] 23
2017/11/19 14:53:27 ZEBRA: zebra message comes from socket [16]
2017/11/19 14:53:27 ZEBRA: zebra message received [ZEBRA_IPV4_ROUTE_ADD] 23
2017/11/19 14:53:28 ZEBRA: zebra message comes from socket [17]
2017/11/19 14:53:28 ZEBRA: zebra message received [ZEBRA_IPV6_ROUTE_ADD] 41
2017/11/19 14:53:28 ZEBRA: zebra message comes from socket [17]
2017/11/19 14:53:28 ZEBRA: zebra message received [ZEBRA_IPV6_ROUTE_ADD] 41
2017/11/19 14:53:28 ZEBRA: zebra message comes from socket [17]
2017/11/19 14:53:28 ZEBRA: zebra message received [ZEBRA_IPV6_ROUTE_ADD] 41
2017/11/19 14:53:28 ZEBRA: zebra message comes from socket [17]
2017/11/19 14:53:28 ZEBRA: zebra message received [ZEBRA_IPV6_ROUTE_ADD] 41
2017/11/19 14:53:28 ZEBRA: zebra message comes from socket [17]
2017/11/19 14:53:28 ZEBRA: zebra message received [ZEBRA_IPV6_ROUTE_DELETE] 41
2017/11/19 14:53:28 ZEBRA: zebra message comes from socket [16]
2017/11/19 14:53:28 ZEBRA: zebra message received [ZEBRA_IPV4_ROUTE_ADD] 23
2017/11/19 14:53:28 ZEBRA: zebra message comes from socket [16]
2017/11/19 14:53:28 ZEBRA: zebra message received [ZEBRA_IPV4_ROUTE_ADD] 32
2017/11/19 14:53:32 ZEBRA: zebra message comes from socket [16]
2017/11/19 14:53:32 ZEBRA: zebra message received [ZEBRA_IPV4_ROUTE_DELETE] 19
2017/11/19 14:53:32 ZEBRA: zebra message comes from socket [16]
2017/11/19 14:53:32 ZEBRA: zebra message received [ZEBRA_IPV4_ROUTE_ADD] 23
2017/11/19 14:53:38 ZEBRA: zebra message comes from socket [16]
2017/11/19 14:53:38 ZEBRA: zebra message received [ZEBRA_IPV4_ROUTE_ADD] 23
2017/11/19 14:53:38 ZEBRA: zebra message comes from socket [16]
2017/11/19 14:53:38 ZEBRA: zebra message received [ZEBRA_IPV4_ROUTE_ADD] 32
2017/11/19 14:53:53 ZEBRA: zebra message comes from socket [16]
2017/11/19 14:53:53 ZEBRA: zebra message received [ZEBRA_IPV4_ROUTE_DELETE] 19
2017/11/19 14:53:53 ZEBRA: zebra message comes from socket [16]
2017/11/19 14:53:53 ZEBRA: zebra message received [ZEBRA_IPV4_ROUTE_ADD] 23
2017/11/19 14:53:57 ZEBRA: zebra message comes from socket [16]
2017/11/19 14:53:57 ZEBRA: zebra message received [ZEBRA_IPV4_ROUTE_ADD] 23
2017/11/19 14:53:58 ZEBRA: zebra message comes from socket [16]
2017/11/19 14:53:58 ZEBRA: zebra message received [ZEBRA_IPV4_ROUTE_ADD] 23
2017/11/19 14:53:58 ZEBRA: zebra message comes from socket [16]
2017/11/19 14:53:58 ZEBRA: zebra message received [ZEBRA_IPV4_ROUTE_ADD] 32
2017/11/19 14:54:02 ZEBRA: zebra message comes from socket [16]
2017/11/19 14:54:02 ZEBRA: zebra message received [ZEBRA_IPV4_ROUTE_DELETE] 19
2017/11/19 14:54:02 ZEBRA: zebra message comes from socket [16]
2017/11/19 14:54:02 ZEBRA: zebra message received [ZEBRA_IPV4_ROUTE_ADD] 23
2017/11/19 14:54:03 ZEBRA: zebra message comes from socket [16]
2017/11/19 14:54:03 ZEBRA: zebra message received [ZEBRA_IPV4_ROUTE_ADD] 23
2017/11/19 14:54:03 ZEBRA: zebra message comes from socket [16]
2017/11/19 14:54:03 ZEBRA: zebra message received [ZEBRA_IPV4_ROUTE_ADD] 32
2017/11/19 14:54:16 ZEBRA: zebra message comes from socket [16]
2017/11/19 14:54:16 ZEBRA: zebra message received [ZEBRA_IPV4_ROUTE_DELETE] 19
2017/11/19 14:54:16 ZEBRA: zebra message comes from socket [16]
2017/11/19 14:54:16 ZEBRA: zebra message received [ZEBRA_IPV4_ROUTE_ADD] 23
2017/11/19 14:54:17 ZEBRA: zebra message comes from socket [16]
2017/11/19 14:54:17 ZEBRA: zebra message received [ZEBRA_IPV4_ROUTE_ADD] 23
2017/11/19 14:54:19 ZEBRA: zebra message comes from socket [16]
2017/11/19 14:54:19 ZEBRA: zebra message received [ZEBRA_IPV4_ROUTE_ADD] 23
2017/11/19 14:54:19 ZEBRA: zebra message comes from socket [16]
2017/11/19 14:54:19 ZEBRA: zebra message received [ZEBRA_IPV4_ROUTE_ADD] 32
2017/11/19 14:54:22 ZEBRA: zebra message comes from socket [16]
2017/11/19 14:54:22 ZEBRA: zebra message received [ZEBRA_IPV4_ROUTE_DELETE] 19
2017/11/19 14:54:22 ZEBRA: zebra message comes from socket [16]
2017/11/19 14:54:22 ZEBRA: zebra message received [ZEBRA_IPV4_ROUTE_ADD] 23
2017/11/19 14:54:26 ZEBRA: zebra message comes from socket [16]
2017/11/19 14:54:26 ZEBRA: zebra message received [ZEBRA_IPV4_ROUTE_ADD] 23
2017/11/19 14:54:26 ZEBRA: zebra message comes from socket [16]
2017/11/19 14:54:26 ZEBRA: zebra message received [ZEBRA_IPV4_ROUTE_ADD] 32
2017/11/19 14:55:49 ZEBRA: zebra message comes from socket [16]
2017/11/19 14:55:49 ZEBRA: zebra message received [ZEBRA_IPV4_ROUTE_DELETE] 19
2017/11/19 14:55:49 ZEBRA: zebra message comes from socket [16]
2017/11/19 14:55:49 ZEBRA: zebra message received [ZEBRA_IPV4_ROUTE_ADD] 23
2017/11/19 14:55:54 ZEBRA: zebra message comes from socket [17]
2017/11/19 14:55:54 ZEBRA: zebra message received [ZEBRA_IPV6_ROUTE_DELETE] 41
2017/11/19 14:55:54 ZEBRA: zebra message comes from socket [17]
2017/11/19 14:55:54 ZEBRA: zebra message received [ZEBRA_IPV6_ROUTE_DELETE] 41
2017/11/19 14:55:54 ZEBRA: zebra message comes from socket [17]
2017/11/19 14:55:54 ZEBRA: zebra message received [ZEBRA_IPV6_ROUTE_ADD] 41
2017/11/19 14:55:54 ZEBRA: zebra message comes from socket [17]
2017/11/19 14:55:54 ZEBRA: zebra message received [ZEBRA_IPV6_ROUTE_ADD] 41
2017/11/19 14:56:29 ZEBRA: zebra message comes from socket [17]
2017/11/19 14:56:29 ZEBRA: zebra message received [ZEBRA_IPV6_ROUTE_DELETE] 41
2017/11/19 14:56:29 ZEBRA: zebra message comes from socket [17]
2017/11/19 14:56:29 ZEBRA: zebra message received [ZEBRA_IPV6_ROUTE_ADD] 41
2017/11/19 14:56:29 ZEBRA: zebra message comes from socket [17]
2017/11/19 14:56:29 ZEBRA: zebra message received [ZEBRA_IPV6_ROUTE_ADD] 41
2017/11/19 14:56:48 ZEBRA: zebra message comes from socket [17]
2017/11/19 14:56:48 ZEBRA: zebra message received [ZEBRA_IPV6_ROUTE_DELETE] 41
2017/11/19 14:56:48 ZEBRA: zebra message comes from socket [17]
2017/11/19 14:56:48 ZEBRA: zebra message received [ZEBRA_IPV6_ROUTE_ADD] 41
2017/11/19 14:56:48 ZEBRA: zebra message comes from socket [17]
2017/11/19 14:56:48 ZEBRA: zebra message received [ZEBRA_IPV6_ROUTE_ADD] 41
2017/11/19 14:56:48 ZEBRA: zebra message comes from socket [17]
2017/11/19 14:56:48 ZEBRA: zebra message received [ZEBRA_IPV6_ROUTE_ADD] 41
2017/11/19 14:56:48 ZEBRA: zebra message comes from socket [17]
2017/11/19 14:56:48 ZEBRA: zebra message received [ZEBRA_IPV6_ROUTE_ADD] 41
2017/11/19 14:56:48 ZEBRA: zebra message comes from socket [17]
2017/11/19 14:56:48 ZEBRA: zebra message received [ZEBRA_IPV6_ROUTE_ADD] 41
2017/11/19 14:56:48 ZEBRA: zebra message comes from socket [17]
2017/11/19 14:56:48 ZEBRA: zebra message received [ZEBRA_IPV6_ROUTE_ADD] 41
2017/11/19 14:56:48 ZEBRA: zebra message comes from socket [17]
2017/11/19 14:56:48 ZEBRA: zebra message received [ZEBRA_IPV6_ROUTE_ADD] 41
2017/11/19 14:56:48 ZEBRA: zebra message comes from socket [17]
2017/11/19 14:56:48 ZEBRA: zebra message received [ZEBRA_IPV6_ROUTE_ADD] 41
2017/11/19 14:56:48 ZEBRA: zebra message comes from socket [17]
2017/11/19 14:56:48 ZEBRA: zebra message received [ZEBRA_IPV6_ROUTE_ADD] 41
2017/11/19 14:56:48 ZEBRA: zebra message comes from socket [17]
2017/11/19 14:56:48 ZEBRA: zebra message received [ZEBRA_IPV6_ROUTE_DELETE] 41
2017/11/19 14:56:48 ZEBRA: zebra message comes from socket [17]
2017/11/19 14:56:48 ZEBRA: zebra message received [ZEBRA_IPV6_ROUTE_DELETE] 41
2017/11/19 14:56:49 ZEBRA: zebra message comes from socket [17]
2017/11/19 14:56:49 ZEBRA: zebra message received [ZEBRA_IPV6_ROUTE_ADD] 41
2017/11/19 14:56:49 ZEBRA: zebra message comes from socket [17]
2017/11/19 14:56:49 ZEBRA: zebra message received [ZEBRA_IPV6_ROUTE_ADD] 41
2017/11/19 14:56:49 ZEBRA: zebra message comes from socket [17]
2017/11/19 14:56:49 ZEBRA: zebra message received [ZEBRA_IPV6_ROUTE_ADD] 41
2017/11/19 14:56:53 ZEBRA: zebra message comes from socket [17]
2017/11/19 14:56:53 ZEBRA: zebra message received [ZEBRA_IPV6_ROUTE_ADD] 41
2017/11/19 14:56:53 ZEBRA: zebra message comes from socket [17]
2017/11/19 14:56:53 ZEBRA: zebra message received [ZEBRA_IPV6_ROUTE_ADD] 41
2017/11/19 14:56:53 ZEBRA: zebra message comes from socket [17]
2017/11/19 14:56:53 ZEBRA: zebra message received [ZEBRA_IPV6_ROUTE_DELETE] 41
2017/11/19 14:56:53 ZEBRA: zebra message comes from socket [17]
2017/11/19 14:56:53 ZEBRA: zebra message received [ZEBRA_IPV6_ROUTE_ADD] 41
2017/11/19 14:56:53 ZEBRA: zebra message comes from socket [17]
2017/11/19 14:56:53 ZEBRA: zebra message received [ZEBRA_IPV6_ROUTE_ADD] 41
2017/11/19 14:56:53 ZEBRA: zebra message comes from socket [17]
2017/11/19 14:56:53 ZEBRA: zebra message received [ZEBRA_IPV6_ROUTE_ADD] 41
2017/11/19 14:56:53 ZEBRA: zebra message comes from socket [17]
2017/11/19 14:56:53 ZEBRA: zebra message received [ZEBRA_IPV6_ROUTE_ADD] 41
2017/11/19 14:56:53 ZEBRA: zebra message comes from socket [17]
2017/11/19 14:56:53 ZEBRA: zebra message received [ZEBRA_IPV6_ROUTE_ADD] 63
2017/11/19 14:56:54 ZEBRA: zebra message comes from socket [17]
2017/11/19 14:56:54 ZEBRA: zebra message received [ZEBRA_IPV6_ROUTE_ADD] 41
2017/11/19 14:56:54 ZEBRA: zebra message comes from socket [17]
2017/11/19 14:56:54 ZEBRA: zebra message received [ZEBRA_IPV6_ROUTE_DELETE] 41
2017/11/19 14:56:54 ZEBRA: zebra message comes from socket [17]
2017/11/19 14:56:54 ZEBRA: zebra message received [ZEBRA_IPV6_ROUTE_ADD] 41
2017/11/19 14:56:54 ZEBRA: zebra message comes from socket [17]
2017/11/19 14:56:54 ZEBRA: zebra message received [ZEBRA_IPV6_ROUTE_DELETE] 41
2017/11/19 14:56:54 ZEBRA: zebra message comes from socket [17]
2017/11/19 14:56:54 ZEBRA: zebra message received [ZEBRA_IPV6_ROUTE_DELETE] 41
2017/11/19 14:56:54 ZEBRA: zebra message comes from socket [17]
2017/11/19 14:56:54 ZEBRA: zebra message received [ZEBRA_IPV6_ROUTE_ADD] 41
2017/11/19 14:56:54 ZEBRA: zebra message comes from socket [17]
2017/11/19 14:56:54 ZEBRA: zebra message received [ZEBRA_IPV6_ROUTE_ADD] 41
2017/11/19 14:56:54 ZEBRA: zebra message comes from socket [17]
2017/11/19 14:56:54 ZEBRA: zebra message received [ZEBRA_IPV6_ROUTE_ADD] 41
2017/11/19 14:56:54 ZEBRA: zebra message comes from socket [17]
2017/11/19 14:56:54 ZEBRA: zebra message received [ZEBRA_IPV6_ROUTE_ADD] 63
2017/11/19 14:56:57 ZEBRA: zebra message comes from socket [16]
2017/11/19 14:56:57 ZEBRA: zebra message received [ZEBRA_IPV4_ROUTE_ADD] 23
2017/11/19 14:56:58 ZEBRA: zebra message comes from socket [16]
2017/11/19 14:56:58 ZEBRA: zebra message received [ZEBRA_IPV4_ROUTE_ADD] 23
2017/11/19 14:56:58 ZEBRA: zebra message comes from socket [16]
2017/11/19 14:56:58 ZEBRA: zebra message received [ZEBRA_IPV4_ROUTE_ADD] 32
2017/11/19 14:57:02 ZEBRA: zebra message comes from socket [16]
2017/11/19 14:57:02 ZEBRA: zebra message received [ZEBRA_IPV4_ROUTE_DELETE] 19
2017/11/19 14:57:02 ZEBRA: zebra message comes from socket [16]
2017/11/19 14:57:02 ZEBRA: zebra message received [ZEBRA_IPV4_ROUTE_ADD] 23
2017/11/19 14:57:08 ZEBRA: zebra message comes from socket [16]
2017/11/19 14:57:08 ZEBRA: zebra message received [ZEBRA_IPV4_ROUTE_ADD] 23
2017/11/19 14:57:08 ZEBRA: zebra message comes from socket [16]
2017/11/19 14:57:08 ZEBRA: zebra message received [ZEBRA_IPV4_ROUTE_ADD] 32
