2017/12/13 09:45:02 ZEBRA: Zebra 0.99.22.4 starting: vty@2601
2017/12/13 09:45:02 ZEBRA: zebra message received [ZEBRA_HELLO] 1
2017/12/13 09:45:02 ZEBRA: client 16 says hello and bids fair to announce only bgp routes
2017/12/13 09:45:02 ZEBRA: zebra message received [ZEBRA_ROUTER_ID_ADD] 0
2017/12/13 09:45:02 ZEBRA: zebra message received [ZEBRA_INTERFACE_ADD] 0
2017/12/13 09:45:02 ZEBRA: zebra message received [ZEBRA_REDISTRIBUTE_ADD] 1
2017/12/13 09:45:07 ZEBRA: zebra message received [ZEBRA_IPV4_ROUTE_ADD] 20
2017/12/13 09:45:10 ZEBRA: zebra message received [ZEBRA_IPV6_ROUTE_ADD] 41
2017/12/13 09:45:10 ZEBRA: zebra message received [ZEBRA_IPV6_ROUTE_ADD] 41
2017/12/13 09:45:37 ZEBRA: zebra message received [ZEBRA_IPV4_ROUTE_ADD] 20
2017/12/13 09:45:37 ZEBRA: zebra message received [ZEBRA_IPV4_ROUTE_ADD] 20
2017/12/13 09:45:40 ZEBRA: zebra message received [ZEBRA_IPV6_ROUTE_ADD] 41
2017/12/13 09:45:40 ZEBRA: zebra message received [ZEBRA_IPV6_ROUTE_ADD] 41
2017/12/13 09:46:06 ZEBRA: zebra message received [ZEBRA_IPV4_ROUTE_ADD] 20
2017/12/13 10:13:21 ZEBRA: zebra message received [ZEBRA_IPV4_ROUTE_DELETE] 19
2017/12/13 10:13:21 ZEBRA: zebra message received [ZEBRA_IPV6_ROUTE_DELETE] 41
2017/12/13 10:13:21 ZEBRA: zebra message received [ZEBRA_IPV4_ROUTE_DELETE] 19
2017/12/13 10:13:21 ZEBRA: zebra message received [ZEBRA_IPV6_ROUTE_DELETE] 41
2017/12/13 10:13:22 ZEBRA: zebra message received [ZEBRA_IPV4_ROUTE_DELETE] 19
2017/12/13 10:13:22 ZEBRA: zebra message received [ZEBRA_IPV4_ROUTE_DELETE] 19
2017/12/13 10:13:22 ZEBRA: zebra message received [ZEBRA_IPV6_ROUTE_DELETE] 41
2017/12/13 10:13:22 ZEBRA: zebra message received [ZEBRA_IPV6_ROUTE_DELETE] 41
2017/12/13 10:13:30 ZEBRA: Zebra 0.99.22.4 starting: vty@2601
2017/12/13 10:13:30 ZEBRA: zebra message received [ZEBRA_HELLO] 1
2017/12/13 10:13:30 ZEBRA: client 16 says hello and bids fair to announce only bgp routes
2017/12/13 10:13:30 ZEBRA: zebra message received [ZEBRA_ROUTER_ID_ADD] 0
2017/12/13 10:13:30 ZEBRA: zebra message received [ZEBRA_INTERFACE_ADD] 0
2017/12/13 10:13:30 ZEBRA: zebra message received [ZEBRA_REDISTRIBUTE_ADD] 1
2017/12/13 10:13:38 ZEBRA: zebra message received [ZEBRA_IPV6_ROUTE_ADD] 41
2017/12/13 10:14:08 ZEBRA: zebra message received [ZEBRA_IPV6_ROUTE_ADD] 41
2017/12/13 10:14:08 ZEBRA: zebra message received [ZEBRA_IPV6_ROUTE_ADD] 41
2017/12/13 10:14:22 ZEBRA: zebra message received [ZEBRA_IPV6_ROUTE_DELETE] 41
2017/12/13 10:14:22 ZEBRA: zebra message received [ZEBRA_IPV6_ROUTE_DELETE] 41
2017/12/13 10:14:22 ZEBRA: zebra message received [ZEBRA_IPV6_ROUTE_DELETE] 41
2017/12/13 10:16:02 ZEBRA: Zebra 0.99.22.4 starting: vty@2601
2017/12/13 10:16:02 ZEBRA: zebra message received [ZEBRA_HELLO] 1
2017/12/13 10:16:02 ZEBRA: client 16 says hello and bids fair to announce only bgp routes
2017/12/13 10:16:02 ZEBRA: zebra message received [ZEBRA_ROUTER_ID_ADD] 0
2017/12/13 10:16:02 ZEBRA: zebra message received [ZEBRA_INTERFACE_ADD] 0
2017/12/13 10:16:02 ZEBRA: zebra message received [ZEBRA_REDISTRIBUTE_ADD] 1
2017/12/13 10:16:34 ZEBRA: Zebra 0.99.22.4 starting: vty@2601
2017/12/13 10:16:34 ZEBRA: zebra message received [ZEBRA_HELLO] 1
2017/12/13 10:16:34 ZEBRA: client 16 says hello and bids fair to announce only bgp routes
2017/12/13 10:16:34 ZEBRA: zebra message received [ZEBRA_ROUTER_ID_ADD] 0
2017/12/13 10:16:34 ZEBRA: zebra message received [ZEBRA_INTERFACE_ADD] 0
2017/12/13 10:16:34 ZEBRA: zebra message received [ZEBRA_REDISTRIBUTE_ADD] 1
2017/12/13 10:18:35 ZEBRA: Zebra 0.99.22.4 starting: vty@2601
2017/12/13 10:18:35 ZEBRA: zebra message received [ZEBRA_HELLO] 1
2017/12/13 10:18:35 ZEBRA: client 16 says hello and bids fair to announce only bgp routes
2017/12/13 10:18:35 ZEBRA: zebra message received [ZEBRA_ROUTER_ID_ADD] 0
2017/12/13 10:18:35 ZEBRA: zebra message received [ZEBRA_INTERFACE_ADD] 0
2017/12/13 10:18:35 ZEBRA: zebra message received [ZEBRA_REDISTRIBUTE_ADD] 1
2017/12/13 10:21:54 ZEBRA: Zebra 0.99.22.4 starting: vty@2601
2017/12/13 10:21:54 ZEBRA: zebra message received [ZEBRA_HELLO] 1
2017/12/13 10:21:54 ZEBRA: client 16 says hello and bids fair to announce only bgp routes
2017/12/13 10:21:54 ZEBRA: zebra message received [ZEBRA_ROUTER_ID_ADD] 0
2017/12/13 10:21:54 ZEBRA: zebra message received [ZEBRA_INTERFACE_ADD] 0
2017/12/13 10:21:54 ZEBRA: zebra message received [ZEBRA_REDISTRIBUTE_ADD] 1
2017/12/13 10:22:56 ZEBRA: Zebra 0.99.22.4 starting: vty@2601
2017/12/13 10:22:56 ZEBRA: zebra message received [ZEBRA_HELLO] 1
2017/12/13 10:22:56 ZEBRA: client 16 says hello and bids fair to announce only bgp routes
2017/12/13 10:22:56 ZEBRA: zebra message received [ZEBRA_ROUTER_ID_ADD] 0
2017/12/13 10:22:56 ZEBRA: zebra message received [ZEBRA_INTERFACE_ADD] 0
2017/12/13 10:22:56 ZEBRA: zebra message received [ZEBRA_REDISTRIBUTE_ADD] 1
2017/12/13 10:25:36 ZEBRA: Zebra 0.99.22.4 starting: vty@2601
2017/12/13 10:25:36 ZEBRA: zebra message received [ZEBRA_HELLO] 1
2017/12/13 10:25:36 ZEBRA: client 16 says hello and bids fair to announce only bgp routes
2017/12/13 10:25:36 ZEBRA: zebra message received [ZEBRA_ROUTER_ID_ADD] 0
2017/12/13 10:25:36 ZEBRA: zebra message received [ZEBRA_INTERFACE_ADD] 0
2017/12/13 10:25:36 ZEBRA: zebra message received [ZEBRA_REDISTRIBUTE_ADD] 1
2017/12/13 10:26:39 ZEBRA: Zebra 0.99.22.4 starting: vty@2601
2017/12/13 10:26:39 ZEBRA: zebra message received [ZEBRA_HELLO] 1
2017/12/13 10:26:39 ZEBRA: client 16 says hello and bids fair to announce only bgp routes
2017/12/13 10:26:39 ZEBRA: zebra message received [ZEBRA_ROUTER_ID_ADD] 0
2017/12/13 10:26:39 ZEBRA: zebra message received [ZEBRA_INTERFACE_ADD] 0
2017/12/13 10:26:39 ZEBRA: zebra message received [ZEBRA_REDISTRIBUTE_ADD] 1
2017/12/13 10:26:48 ZEBRA: zebra message received [ZEBRA_IPV6_ROUTE_ADD] 41
2017/12/13 10:27:18 ZEBRA: zebra message received [ZEBRA_IPV6_ROUTE_ADD] 41
2017/12/13 10:27:18 ZEBRA: zebra message received [ZEBRA_IPV6_ROUTE_ADD] 41
2017/12/13 10:27:48 ZEBRA: zebra message received [ZEBRA_IPV4_ROUTE_ADD] 20
2017/12/13 10:27:48 ZEBRA: zebra message received [ZEBRA_IPV4_ROUTE_ADD] 20
2017/12/13 10:27:48 ZEBRA: zebra message received [ZEBRA_IPV4_ROUTE_ADD] 20
2017/12/13 10:27:49 ZEBRA: zebra message received [ZEBRA_IPV4_ROUTE_DELETE] 19
2017/12/13 10:27:49 ZEBRA: zebra message received [ZEBRA_IPV6_ROUTE_DELETE] 41
2017/12/13 10:27:49 ZEBRA: zebra message received [ZEBRA_IPV4_ROUTE_DELETE] 19
2017/12/13 10:27:49 ZEBRA: zebra message received [ZEBRA_IPV4_ROUTE_DELETE] 19
2017/12/13 10:27:49 ZEBRA: zebra message received [ZEBRA_IPV6_ROUTE_DELETE] 41
2017/12/13 10:27:49 ZEBRA: zebra message received [ZEBRA_IPV6_ROUTE_DELETE] 41
2017/12/13 10:27:58 ZEBRA: Zebra 0.99.22.4 starting: vty@2601
2017/12/13 10:27:58 ZEBRA: zebra message received [ZEBRA_HELLO] 1
2017/12/13 10:27:58 ZEBRA: client 16 says hello and bids fair to announce only bgp routes
2017/12/13 10:27:58 ZEBRA: zebra message received [ZEBRA_ROUTER_ID_ADD] 0
2017/12/13 10:27:58 ZEBRA: zebra message received [ZEBRA_INTERFACE_ADD] 0
2017/12/13 10:27:58 ZEBRA: zebra message received [ZEBRA_REDISTRIBUTE_ADD] 1
2017/12/13 10:28:07 ZEBRA: zebra message received [ZEBRA_IPV6_ROUTE_ADD] 41
2017/12/13 10:28:07 ZEBRA: zebra message received [ZEBRA_IPV6_ROUTE_ADD] 41
2017/12/13 10:28:37 ZEBRA: zebra message received [ZEBRA_IPV6_ROUTE_ADD] 41
2017/12/13 10:29:07 ZEBRA: zebra message received [ZEBRA_IPV6_ROUTE_ADD] 41
2017/12/13 10:29:07 ZEBRA: zebra message received [ZEBRA_IPV6_ROUTE_ADD] 41
2017/12/13 10:29:07 ZEBRA: zebra message received [ZEBRA_IPV4_ROUTE_ADD] 20
2017/12/13 10:29:07 ZEBRA: zebra message received [ZEBRA_IPV4_ROUTE_ADD] 20
2017/12/13 10:29:07 ZEBRA: zebra message received [ZEBRA_IPV4_ROUTE_ADD] 20
2017/12/13 10:29:16 ZEBRA: zebra message received [ZEBRA_IPV4_ROUTE_DELETE] 19
2017/12/13 10:29:16 ZEBRA: zebra message received [ZEBRA_IPV6_ROUTE_DELETE] 41
2017/12/13 10:29:16 ZEBRA: zebra message received [ZEBRA_IPV6_ROUTE_DELETE] 41
2017/12/13 10:29:16 ZEBRA: zebra message received [ZEBRA_IPV4_ROUTE_DELETE] 19
2017/12/13 10:29:16 ZEBRA: zebra message received [ZEBRA_IPV4_ROUTE_DELETE] 19
2017/12/13 10:29:16 ZEBRA: zebra message received [ZEBRA_IPV6_ROUTE_DELETE] 41
2017/12/13 10:29:16 ZEBRA: zebra message received [ZEBRA_IPV6_ROUTE_DELETE] 41
2017/12/13 10:29:23 ZEBRA: Zebra 0.99.22.4 starting: vty@2601
2017/12/13 10:29:23 ZEBRA: zebra message received [ZEBRA_HELLO] 1
2017/12/13 10:29:23 ZEBRA: client 16 says hello and bids fair to announce only bgp routes
2017/12/13 10:29:23 ZEBRA: zebra message received [ZEBRA_ROUTER_ID_ADD] 0
2017/12/13 10:29:23 ZEBRA: zebra message received [ZEBRA_INTERFACE_ADD] 0
2017/12/13 10:29:23 ZEBRA: zebra message received [ZEBRA_REDISTRIBUTE_ADD] 1
2017/12/13 10:30:02 ZEBRA: zebra message received [ZEBRA_IPV6_ROUTE_ADD] 41
2017/12/13 10:30:02 ZEBRA: zebra message received [ZEBRA_IPV6_ROUTE_ADD] 41
2017/12/13 10:30:27 ZEBRA: zebra message received [ZEBRA_IPV4_ROUTE_ADD] 20
2017/12/13 10:30:27 ZEBRA: zebra message received [ZEBRA_IPV4_ROUTE_ADD] 20
2017/12/13 10:30:27 ZEBRA: zebra message received [ZEBRA_IPV4_ROUTE_ADD] 20
2017/12/13 10:30:32 ZEBRA: zebra message received [ZEBRA_IPV6_ROUTE_ADD] 41
2017/12/13 10:30:32 ZEBRA: zebra message received [ZEBRA_IPV6_ROUTE_ADD] 41
2017/12/13 10:38:24 ZEBRA: zebra message received [ZEBRA_IPV6_ROUTE_ADD] 41
2017/12/13 10:38:25 ZEBRA: zebra message received [ZEBRA_IPV4_ROUTE_DELETE] 19
2017/12/13 10:38:25 ZEBRA: zebra message received [ZEBRA_IPV6_ROUTE_DELETE] 41
2017/12/13 10:38:25 ZEBRA: zebra message received [ZEBRA_IPV4_ROUTE_DELETE] 19
2017/12/13 10:38:25 ZEBRA: zebra message received [ZEBRA_IPV4_ROUTE_DELETE] 19
2017/12/13 10:38:25 ZEBRA: zebra message received [ZEBRA_IPV6_ROUTE_DELETE] 41
2017/12/13 10:38:25 ZEBRA: zebra message received [ZEBRA_IPV6_ROUTE_DELETE] 41
2017/12/13 10:38:25 ZEBRA: zebra message received [ZEBRA_IPV6_ROUTE_DELETE] 41
2017/12/13 10:38:32 ZEBRA: Zebra 0.99.22.4 starting: vty@2601
2017/12/13 10:38:32 ZEBRA: zebra message received [ZEBRA_HELLO] 1
2017/12/13 10:38:32 ZEBRA: client 16 says hello and bids fair to announce only bgp routes
2017/12/13 10:38:32 ZEBRA: zebra message received [ZEBRA_ROUTER_ID_ADD] 0
2017/12/13 10:38:32 ZEBRA: zebra message received [ZEBRA_INTERFACE_ADD] 0
2017/12/13 10:38:32 ZEBRA: zebra message received [ZEBRA_REDISTRIBUTE_ADD] 1
2017/12/13 10:39:11 ZEBRA: zebra message received [ZEBRA_IPV6_ROUTE_ADD] 41
2017/12/13 10:39:11 ZEBRA: zebra message received [ZEBRA_IPV6_ROUTE_ADD] 41
2017/12/13 10:39:40 ZEBRA: zebra message received [ZEBRA_IPV4_ROUTE_ADD] 20
2017/12/13 10:39:40 ZEBRA: zebra message received [ZEBRA_IPV4_ROUTE_ADD] 20
2017/12/13 10:39:41 ZEBRA: zebra message received [ZEBRA_IPV6_ROUTE_ADD] 41
2017/12/13 10:39:41 ZEBRA: zebra message received [ZEBRA_IPV6_ROUTE_ADD] 41
2017/12/13 10:53:08 ZEBRA: zebra message received [ZEBRA_IPV6_ROUTE_ADD] 41
2017/12/13 10:53:08 ZEBRA: zebra message received [ZEBRA_IPV4_ROUTE_DELETE] 19
2017/12/13 10:53:09 ZEBRA: zebra message received [ZEBRA_IPV4_ROUTE_DELETE] 19
2017/12/13 10:53:09 ZEBRA: zebra message received [ZEBRA_IPV6_ROUTE_DELETE] 41
2017/12/13 10:53:09 ZEBRA: zebra message received [ZEBRA_IPV6_ROUTE_DELETE] 41
2017/12/13 10:53:09 ZEBRA: zebra message received [ZEBRA_IPV6_ROUTE_DELETE] 41
2017/12/13 10:53:09 ZEBRA: zebra message received [ZEBRA_IPV6_ROUTE_DELETE] 41
2017/12/13 10:53:15 ZEBRA: Zebra 0.99.22.4 starting: vty@2601
2017/12/13 10:53:15 ZEBRA: zebra message received [ZEBRA_HELLO] 1
2017/12/13 10:53:15 ZEBRA: client 16 says hello and bids fair to announce only bgp routes
2017/12/13 10:53:15 ZEBRA: zebra message received [ZEBRA_ROUTER_ID_ADD] 0
2017/12/13 10:53:15 ZEBRA: zebra message received [ZEBRA_INTERFACE_ADD] 0
2017/12/13 10:53:15 ZEBRA: zebra message received [ZEBRA_REDISTRIBUTE_ADD] 1
2017/12/13 10:53:50 ZEBRA: zebra message received [ZEBRA_IPV4_ROUTE_ADD] 20
2017/12/13 10:53:50 ZEBRA: zebra message received [ZEBRA_IPV4_ROUTE_ADD] 20
2017/12/13 10:53:55 ZEBRA: zebra message received [ZEBRA_IPV6_ROUTE_ADD] 41
2017/12/13 10:53:55 ZEBRA: zebra message received [ZEBRA_IPV6_ROUTE_ADD] 41
2017/12/13 10:53:55 ZEBRA: zebra message received [ZEBRA_IPV6_ROUTE_ADD] 41
2017/12/13 10:53:55 ZEBRA: zebra message received [ZEBRA_IPV6_ROUTE_ADD] 41
2017/12/13 10:54:20 ZEBRA: zebra message received [ZEBRA_IPV4_ROUTE_ADD] 20
2017/12/13 10:54:20 ZEBRA: zebra message received [ZEBRA_IPV4_ROUTE_ADD] 20
2017/12/13 10:54:25 ZEBRA: zebra message received [ZEBRA_IPV6_ROUTE_ADD] 41
2017/12/13 10:54:25 ZEBRA: zebra message received [ZEBRA_IPV6_ROUTE_ADD] 41
