2017/11/19 14:10:23 ZEBRA: Zebra 0.99.22.4 starting: vty@2601
2017/11/19 14:10:23 ZEBRA: zebra message comes from socket [16]
2017/11/19 14:10:23 ZEBRA: zebra message received [ZEBRA_HELLO] 1
2017/11/19 14:10:23 ZEBRA: client 16 says hello and bids fair to announce only ospf routes
2017/11/19 14:10:23 ZEBRA: zebra message comes from socket [16]
2017/11/19 14:10:23 ZEBRA: zebra message received [ZEBRA_ROUTER_ID_ADD] 0
2017/11/19 14:10:23 ZEBRA: zebra message comes from socket [16]
2017/11/19 14:10:23 ZEBRA: zebra message received [ZEBRA_INTERFACE_ADD] 0
2017/11/19 14:10:23 ZEBRA: zebra message comes from socket [17]
2017/11/19 14:10:23 ZEBRA: zebra message received [ZEBRA_HELLO] 1
2017/11/19 14:10:23 ZEBRA: client 17 says hello and bids fair to announce only ospf6 routes
2017/11/19 14:10:23 ZEBRA: zebra message comes from socket [17]
2017/11/19 14:10:23 ZEBRA: zebra message received [ZEBRA_ROUTER_ID_ADD] 0
2017/11/19 14:10:23 ZEBRA: zebra message comes from socket [17]
2017/11/19 14:10:23 ZEBRA: zebra message received [ZEBRA_INTERFACE_ADD] 0
2017/11/19 14:10:23 ZEBRA: zebra message comes from socket [16]
2017/11/19 14:10:23 ZEBRA: zebra message received [ZEBRA_IPV4_ROUTE_ADD] 19
2017/11/19 14:10:23 ZEBRA: zebra message comes from socket [16]
2017/11/19 14:10:23 ZEBRA: zebra message received [ZEBRA_IPV4_ROUTE_ADD] 19
2017/11/19 14:10:23 ZEBRA: zebra message comes from socket [17]
2017/11/19 14:10:23 ZEBRA: zebra message received [ZEBRA_IPV6_ROUTE_ADD] 41
2017/11/19 14:10:23 ZEBRA: zebra message comes from socket [17]
2017/11/19 14:10:23 ZEBRA: zebra message received [ZEBRA_IPV6_ROUTE_ADD] 41
2017/11/19 14:10:27 ZEBRA: zebra message comes from socket [17]
2017/11/19 14:10:27 ZEBRA: zebra message received [ZEBRA_IPV6_ROUTE_ADD] 41
2017/11/19 14:10:27 ZEBRA: zebra message comes from socket [17]
2017/11/19 14:10:27 ZEBRA: zebra message received [ZEBRA_IPV6_ROUTE_ADD] 41
2017/11/19 14:10:27 ZEBRA: zebra message comes from socket [17]
2017/11/19 14:10:27 ZEBRA: zebra message received [ZEBRA_IPV6_ROUTE_ADD] 41
2017/11/19 14:10:27 ZEBRA: zebra message comes from socket [17]
2017/11/19 14:10:27 ZEBRA: zebra message received [ZEBRA_IPV6_ROUTE_ADD] 41
2017/11/19 14:10:27 ZEBRA: zebra message comes from socket [17]
2017/11/19 14:10:27 ZEBRA: zebra message received [ZEBRA_IPV6_ROUTE_ADD] 41
2017/11/19 14:10:27 ZEBRA: zebra message comes from socket [17]
2017/11/19 14:10:27 ZEBRA: zebra message received [ZEBRA_IPV6_ROUTE_ADD] 41
2017/11/19 14:10:27 ZEBRA: zebra message comes from socket [17]
2017/11/19 14:10:27 ZEBRA: zebra message received [ZEBRA_IPV6_ROUTE_ADD] 41
2017/11/19 14:10:27 ZEBRA: zebra message comes from socket [17]
2017/11/19 14:10:27 ZEBRA: zebra message received [ZEBRA_IPV6_ROUTE_DELETE] 41
2017/11/19 14:10:27 ZEBRA: zebra message comes from socket [17]
2017/11/19 14:10:27 ZEBRA: zebra message received [ZEBRA_IPV6_ROUTE_ADD] 63
2017/11/19 14:10:27 ZEBRA: zebra message comes from socket [17]
2017/11/19 14:10:27 ZEBRA: zebra message received [ZEBRA_IPV6_ROUTE_ADD] 63
2017/11/19 14:10:27 ZEBRA: zebra message comes from socket [17]
2017/11/19 14:10:27 ZEBRA: zebra message received [ZEBRA_IPV6_ROUTE_ADD] 41
2017/11/19 14:10:27 ZEBRA: zebra message comes from socket [17]
2017/11/19 14:10:27 ZEBRA: zebra message received [ZEBRA_IPV6_ROUTE_ADD] 41
2017/11/19 14:10:27 ZEBRA: zebra message comes from socket [17]
2017/11/19 14:10:27 ZEBRA: zebra message received [ZEBRA_IPV6_ROUTE_ADD] 41
2017/11/19 14:10:27 ZEBRA: zebra message comes from socket [16]
2017/11/19 14:10:27 ZEBRA: zebra message received [ZEBRA_IPV4_ROUTE_ADD] 23
2017/11/19 14:10:27 ZEBRA: zebra message comes from socket [16]
2017/11/19 14:10:27 ZEBRA: zebra message received [ZEBRA_IPV4_ROUTE_ADD] 23
2017/11/19 14:10:27 ZEBRA: zebra message comes from socket [16]
2017/11/19 14:10:27 ZEBRA: zebra message received [ZEBRA_IPV4_ROUTE_ADD] 32
2017/11/19 14:10:27 ZEBRA: zebra message comes from socket [16]
2017/11/19 14:10:27 ZEBRA: zebra message received [ZEBRA_IPV4_ROUTE_ADD] 32
2017/11/19 14:10:27 ZEBRA: zebra message comes from socket [16]
2017/11/19 14:10:27 ZEBRA: zebra message received [ZEBRA_IPV4_ROUTE_ADD] 23
2017/11/19 14:10:27 ZEBRA: zebra message comes from socket [16]
2017/11/19 14:10:27 ZEBRA: zebra message received [ZEBRA_IPV4_ROUTE_ADD] 23
2017/11/19 14:10:29 ZEBRA: Vty connection from 127.0.0.1
2017/11/19 14:47:29 ZEBRA: zebra message comes from socket [17]
2017/11/19 14:47:29 ZEBRA: zebra message received [ZEBRA_IPV6_ROUTE_DELETE] 41
2017/11/19 14:47:29 ZEBRA: zebra message comes from socket [17]
2017/11/19 14:47:29 ZEBRA: zebra message received [ZEBRA_IPV6_ROUTE_ADD] 41
2017/11/19 14:47:29 ZEBRA: zebra message comes from socket [17]
2017/11/19 14:47:29 ZEBRA: zebra message received [ZEBRA_IPV6_ROUTE_ADD] 41
2017/11/19 14:47:30 ZEBRA: zebra message comes from socket [16]
2017/11/19 14:47:30 ZEBRA: zebra message received [ZEBRA_IPV4_ROUTE_DELETE] 19
2017/11/19 14:47:30 ZEBRA: zebra message comes from socket [16]
2017/11/19 14:47:30 ZEBRA: zebra message received [ZEBRA_IPV4_ROUTE_ADD] 23
2017/11/19 14:47:30 ZEBRA: zebra message comes from socket [16]
2017/11/19 14:47:30 ZEBRA: zebra message received [ZEBRA_IPV4_ROUTE_ADD] 23
2017/11/19 14:48:07 ZEBRA: zebra message comes from socket [16]
2017/11/19 14:48:07 ZEBRA: zebra message received [ZEBRA_IPV4_ROUTE_ADD] 23
2017/11/19 14:48:08 ZEBRA: zebra message comes from socket [17]
2017/11/19 14:48:08 ZEBRA: zebra message received [ZEBRA_IPV6_ROUTE_DELETE] 41
2017/11/19 14:48:08 ZEBRA: zebra message comes from socket [17]
2017/11/19 14:48:08 ZEBRA: zebra message received [ZEBRA_IPV6_ROUTE_ADD] 41
2017/11/19 14:48:08 ZEBRA: zebra message comes from socket [17]
2017/11/19 14:48:08 ZEBRA: zebra message received [ZEBRA_IPV6_ROUTE_ADD] 41
2017/11/19 14:53:21 ZEBRA: zebra message comes from socket [16]
2017/11/19 14:53:21 ZEBRA: zebra message received [ZEBRA_IPV4_ROUTE_DELETE] 19
2017/11/19 14:53:27 ZEBRA: zebra message comes from socket [16]
2017/11/19 14:53:27 ZEBRA: zebra message received [ZEBRA_IPV4_ROUTE_ADD] 23
2017/11/19 14:53:28 ZEBRA: zebra message comes from socket [17]
2017/11/19 14:53:28 ZEBRA: zebra message received [ZEBRA_IPV6_ROUTE_ADD] 41
2017/11/19 14:53:28 ZEBRA: zebra message comes from socket [17]
2017/11/19 14:53:28 ZEBRA: zebra message received [ZEBRA_IPV6_ROUTE_ADD] 41
2017/11/19 14:53:28 ZEBRA: zebra message comes from socket [17]
2017/11/19 14:53:28 ZEBRA: zebra message received [ZEBRA_IPV6_ROUTE_ADD] 41
2017/11/19 14:53:28 ZEBRA: zebra message comes from socket [17]
2017/11/19 14:53:28 ZEBRA: zebra message received [ZEBRA_IPV6_ROUTE_DELETE] 41
2017/11/19 14:53:32 ZEBRA: zebra message comes from socket [16]
2017/11/19 14:53:32 ZEBRA: zebra message received [ZEBRA_IPV4_ROUTE_DELETE] 19
2017/11/19 14:53:38 ZEBRA: zebra message comes from socket [16]
2017/11/19 14:53:38 ZEBRA: zebra message received [ZEBRA_IPV4_ROUTE_ADD] 23
2017/11/19 14:53:53 ZEBRA: zebra message comes from socket [16]
2017/11/19 14:53:53 ZEBRA: zebra message received [ZEBRA_IPV4_ROUTE_DELETE] 19
2017/11/19 14:53:57 ZEBRA: zebra message comes from socket [16]
2017/11/19 14:53:57 ZEBRA: zebra message received [ZEBRA_IPV4_ROUTE_ADD] 23
2017/11/19 14:54:02 ZEBRA: zebra message comes from socket [16]
2017/11/19 14:54:02 ZEBRA: zebra message received [ZEBRA_IPV4_ROUTE_DELETE] 19
2017/11/19 14:54:03 ZEBRA: zebra message comes from socket [16]
2017/11/19 14:54:03 ZEBRA: zebra message received [ZEBRA_IPV4_ROUTE_ADD] 23
2017/11/19 14:54:16 ZEBRA: zebra message comes from socket [16]
2017/11/19 14:54:16 ZEBRA: zebra message received [ZEBRA_IPV4_ROUTE_DELETE] 19
2017/11/19 14:54:17 ZEBRA: zebra message comes from socket [16]
2017/11/19 14:54:17 ZEBRA: zebra message received [ZEBRA_IPV4_ROUTE_ADD] 23
2017/11/19 14:54:22 ZEBRA: zebra message comes from socket [16]
2017/11/19 14:54:22 ZEBRA: zebra message received [ZEBRA_IPV4_ROUTE_DELETE] 19
2017/11/19 14:54:26 ZEBRA: zebra message comes from socket [16]
2017/11/19 14:54:26 ZEBRA: zebra message received [ZEBRA_IPV4_ROUTE_ADD] 23
2017/11/19 14:55:49 ZEBRA: zebra message comes from socket [16]
2017/11/19 14:55:49 ZEBRA: zebra message received [ZEBRA_IPV4_ROUTE_DELETE] 19
2017/11/19 14:55:54 ZEBRA: zebra message comes from socket [17]
2017/11/19 14:55:54 ZEBRA: zebra message received [ZEBRA_IPV6_ROUTE_DELETE] 41
2017/11/19 14:55:54 ZEBRA: zebra message comes from socket [17]
2017/11/19 14:55:54 ZEBRA: zebra message received [ZEBRA_IPV6_ROUTE_DELETE] 41
2017/11/19 14:55:54 ZEBRA: zebra message comes from socket [17]
2017/11/19 14:55:54 ZEBRA: zebra message received [ZEBRA_IPV6_ROUTE_ADD] 41
2017/11/19 14:55:54 ZEBRA: zebra message comes from socket [17]
2017/11/19 14:55:54 ZEBRA: zebra message received [ZEBRA_IPV6_ROUTE_ADD] 41
2017/11/19 14:56:29 ZEBRA: zebra message comes from socket [17]
2017/11/19 14:56:29 ZEBRA: zebra message received [ZEBRA_IPV6_ROUTE_DELETE] 41
2017/11/19 14:56:29 ZEBRA: zebra message comes from socket [17]
2017/11/19 14:56:29 ZEBRA: zebra message received [ZEBRA_IPV6_ROUTE_ADD] 41
2017/11/19 14:56:29 ZEBRA: zebra message comes from socket [17]
2017/11/19 14:56:29 ZEBRA: zebra message received [ZEBRA_IPV6_ROUTE_ADD] 41
2017/11/19 14:56:48 ZEBRA: zebra message comes from socket [17]
2017/11/19 14:56:48 ZEBRA: zebra message received [ZEBRA_IPV6_ROUTE_DELETE] 41
2017/11/19 14:56:48 ZEBRA: zebra message comes from socket [17]
2017/11/19 14:56:48 ZEBRA: zebra message received [ZEBRA_IPV6_ROUTE_ADD] 41
2017/11/19 14:56:48 ZEBRA: zebra message comes from socket [17]
2017/11/19 14:56:48 ZEBRA: zebra message received [ZEBRA_IPV6_ROUTE_DELETE] 41
2017/11/19 14:56:48 ZEBRA: zebra message comes from socket [17]
2017/11/19 14:56:48 ZEBRA: zebra message received [ZEBRA_IPV6_ROUTE_ADD] 41
2017/11/19 14:56:49 ZEBRA: zebra message comes from socket [17]
2017/11/19 14:56:49 ZEBRA: zebra message received [ZEBRA_IPV6_ROUTE_ADD] 41
2017/11/19 14:56:53 ZEBRA: zebra message comes from socket [17]
2017/11/19 14:56:53 ZEBRA: zebra message received [ZEBRA_IPV6_ROUTE_DELETE] 41
2017/11/19 14:56:53 ZEBRA: zebra message comes from socket [17]
2017/11/19 14:56:53 ZEBRA: zebra message received [ZEBRA_IPV6_ROUTE_ADD] 41
2017/11/19 14:56:54 ZEBRA: zebra message comes from socket [17]
2017/11/19 14:56:54 ZEBRA: zebra message received [ZEBRA_IPV6_ROUTE_DELETE] 41
2017/11/19 14:56:54 ZEBRA: zebra message comes from socket [17]
2017/11/19 14:56:54 ZEBRA: zebra message received [ZEBRA_IPV6_ROUTE_ADD] 41
2017/11/19 14:56:54 ZEBRA: zebra message comes from socket [17]
2017/11/19 14:56:54 ZEBRA: zebra message received [ZEBRA_IPV6_ROUTE_DELETE] 41
2017/11/19 14:56:54 ZEBRA: zebra message comes from socket [17]
2017/11/19 14:56:54 ZEBRA: zebra message received [ZEBRA_IPV6_ROUTE_ADD] 41
2017/11/19 14:56:54 ZEBRA: zebra message comes from socket [17]
2017/11/19 14:56:54 ZEBRA: zebra message received [ZEBRA_IPV6_ROUTE_ADD] 41
2017/11/19 14:56:54 ZEBRA: zebra message comes from socket [17]
2017/11/19 14:56:54 ZEBRA: zebra message received [ZEBRA_IPV6_ROUTE_ADD] 41
2017/11/19 14:56:54 ZEBRA: zebra message comes from socket [17]
2017/11/19 14:56:54 ZEBRA: zebra message received [ZEBRA_IPV6_ROUTE_ADD] 63
2017/11/19 14:56:54 ZEBRA: zebra message comes from socket [17]
2017/11/19 14:56:54 ZEBRA: zebra message received [ZEBRA_IPV6_ROUTE_ADD] 63
2017/11/19 14:56:57 ZEBRA: zebra message comes from socket [16]
2017/11/19 14:56:57 ZEBRA: zebra message received [ZEBRA_IPV4_ROUTE_ADD] 23
2017/11/19 14:56:58 ZEBRA: zebra message comes from socket [17]
2017/11/19 14:56:58 ZEBRA: zebra message received [ZEBRA_IPV6_ROUTE_DELETE] 63
2017/11/19 14:56:58 ZEBRA: zebra message comes from socket [17]
2017/11/19 14:56:58 ZEBRA: zebra message received [ZEBRA_IPV6_ROUTE_ADD] 63
2017/11/19 14:57:02 ZEBRA: zebra message comes from socket [16]
2017/11/19 14:57:02 ZEBRA: zebra message received [ZEBRA_IPV4_ROUTE_DELETE] 19
2017/11/19 14:57:08 ZEBRA: zebra message comes from socket [16]
2017/11/19 14:57:08 ZEBRA: zebra message received [ZEBRA_IPV4_ROUTE_ADD] 23
