2017/11/19 13:28:18 ZEBRA: Zebra 0.99.22.4 starting: vty@2601
2017/11/19 13:28:18 ZEBRA: zebra message comes from socket [16]
2017/11/19 13:28:18 ZEBRA: zebra message received [ZEBRA_HELLO] 1
2017/11/19 13:28:18 ZEBRA: client 16 says hello and bids fair to announce only ospf routes
2017/11/19 13:28:18 ZEBRA: zebra message comes from socket [16]
2017/11/19 13:28:18 ZEBRA: zebra message received [ZEBRA_ROUTER_ID_ADD] 0
2017/11/19 13:28:18 ZEBRA: zebra message comes from socket [16]
2017/11/19 13:28:18 ZEBRA: zebra message received [ZEBRA_INTERFACE_ADD] 0
2017/11/19 13:28:18 ZEBRA: zebra message comes from socket [17]
2017/11/19 13:28:18 ZEBRA: zebra message received [ZEBRA_HELLO] 1
2017/11/19 13:28:18 ZEBRA: client 17 says hello and bids fair to announce only ospf6 routes
2017/11/19 13:28:18 ZEBRA: zebra message comes from socket [17]
2017/11/19 13:28:18 ZEBRA: zebra message received [ZEBRA_ROUTER_ID_ADD] 0
2017/11/19 13:28:18 ZEBRA: zebra message comes from socket [17]
2017/11/19 13:28:18 ZEBRA: zebra message received [ZEBRA_INTERFACE_ADD] 0
2017/11/19 13:28:18 ZEBRA: zebra message comes from socket [16]
2017/11/19 13:28:18 ZEBRA: zebra message received [ZEBRA_IPV4_ROUTE_ADD] 19
2017/11/19 13:28:18 ZEBRA: zebra message comes from socket [16]
2017/11/19 13:28:18 ZEBRA: zebra message received [ZEBRA_IPV4_ROUTE_ADD] 19
2017/11/19 13:28:18 ZEBRA: zebra message comes from socket [16]
2017/11/19 13:28:18 ZEBRA: zebra message received [ZEBRA_IPV4_ROUTE_ADD] 19
2017/11/19 13:28:18 ZEBRA: zebra message comes from socket [16]
2017/11/19 13:28:18 ZEBRA: zebra message received [ZEBRA_IPV4_ROUTE_ADD] 19
2017/11/19 13:28:19 ZEBRA: zebra message comes from socket [17]
2017/11/19 13:28:19 ZEBRA: zebra message received [ZEBRA_IPV6_ROUTE_ADD] 41
2017/11/19 13:28:19 ZEBRA: zebra message comes from socket [17]
2017/11/19 13:28:19 ZEBRA: zebra message received [ZEBRA_IPV6_ROUTE_ADD] 41
2017/11/19 13:28:19 ZEBRA: zebra message comes from socket [17]
2017/11/19 13:28:19 ZEBRA: zebra message received [ZEBRA_IPV6_ROUTE_ADD] 41
2017/11/19 13:28:19 ZEBRA: zebra message comes from socket [17]
2017/11/19 13:28:19 ZEBRA: zebra message received [ZEBRA_IPV6_ROUTE_DELETE] 41
2017/11/19 13:28:19 ZEBRA: zebra message comes from socket [17]
2017/11/19 13:28:19 ZEBRA: zebra message received [ZEBRA_IPV6_ROUTE_DELETE] 41
2017/11/19 13:28:19 ZEBRA: zebra message comes from socket [17]
2017/11/19 13:28:19 ZEBRA: zebra message received [ZEBRA_IPV6_ROUTE_ADD] 41
2017/11/19 13:28:19 ZEBRA: zebra message comes from socket [17]
2017/11/19 13:28:19 ZEBRA: zebra message received [ZEBRA_IPV6_ROUTE_ADD] 41
2017/11/19 13:28:19 ZEBRA: zebra message comes from socket [17]
2017/11/19 13:28:19 ZEBRA: zebra message received [ZEBRA_IPV6_ROUTE_ADD] 41
2017/11/19 13:28:19 ZEBRA: zebra message comes from socket [17]
2017/11/19 13:28:19 ZEBRA: zebra message received [ZEBRA_IPV6_ROUTE_DELETE] 41
2017/11/19 13:28:19 ZEBRA: zebra message comes from socket [17]
2017/11/19 13:28:19 ZEBRA: zebra message received [ZEBRA_IPV6_ROUTE_DELETE] 41
2017/11/19 13:28:19 ZEBRA: zebra message comes from socket [17]
2017/11/19 13:28:19 ZEBRA: zebra message received [ZEBRA_IPV6_ROUTE_DELETE] 41
2017/11/19 13:28:19 ZEBRA: zebra message comes from socket [17]
2017/11/19 13:28:19 ZEBRA: zebra message received [ZEBRA_IPV6_ROUTE_ADD] 41
2017/11/19 13:28:19 ZEBRA: zebra message comes from socket [17]
2017/11/19 13:28:19 ZEBRA: zebra message received [ZEBRA_IPV6_ROUTE_ADD] 41
2017/11/19 13:28:19 ZEBRA: zebra message comes from socket [17]
2017/11/19 13:28:19 ZEBRA: zebra message received [ZEBRA_IPV6_ROUTE_ADD] 41
2017/11/19 13:28:19 ZEBRA: zebra message comes from socket [17]
2017/11/19 13:28:19 ZEBRA: zebra message received [ZEBRA_IPV6_ROUTE_ADD] 41
2017/11/19 13:28:24 ZEBRA: zebra message comes from socket [17]
2017/11/19 13:28:24 ZEBRA: zebra message received [ZEBRA_IPV6_ROUTE_DELETE] 41
2017/11/19 13:28:24 ZEBRA: zebra message comes from socket [17]
2017/11/19 13:28:24 ZEBRA: zebra message received [ZEBRA_IPV6_ROUTE_DELETE] 41
2017/11/19 13:28:24 ZEBRA: zebra message comes from socket [17]
2017/11/19 13:28:24 ZEBRA: zebra message received [ZEBRA_IPV6_ROUTE_DELETE] 41
2017/11/19 13:28:24 ZEBRA: zebra message comes from socket [17]
2017/11/19 13:28:24 ZEBRA: zebra message received [ZEBRA_IPV6_ROUTE_ADD] 41
2017/11/19 13:28:24 ZEBRA: zebra message comes from socket [17]
2017/11/19 13:28:24 ZEBRA: zebra message received [ZEBRA_IPV6_ROUTE_ADD] 41
2017/11/19 13:28:24 ZEBRA: zebra message comes from socket [17]
2017/11/19 13:28:24 ZEBRA: zebra message received [ZEBRA_IPV6_ROUTE_ADD] 41
2017/11/19 13:28:46 ZEBRA: zebra message comes from socket [16]
2017/11/19 13:28:46 ZEBRA: zebra message received [ZEBRA_IPV4_ROUTE_ADD] 23
2017/11/19 13:28:58 ZEBRA: zebra message comes from socket [17]
2017/11/19 13:28:58 ZEBRA: zebra message received [ZEBRA_IPV6_ROUTE_DELETE] 41
2017/11/19 13:28:58 ZEBRA: zebra message comes from socket [17]
2017/11/19 13:28:58 ZEBRA: zebra message received [ZEBRA_IPV6_ROUTE_DELETE] 41
2017/11/19 13:28:58 ZEBRA: zebra message comes from socket [17]
2017/11/19 13:28:58 ZEBRA: zebra message received [ZEBRA_IPV6_ROUTE_ADD] 41
2017/11/19 13:28:58 ZEBRA: zebra message comes from socket [17]
2017/11/19 13:28:58 ZEBRA: zebra message received [ZEBRA_IPV6_ROUTE_ADD] 41
2017/11/19 13:29:03 ZEBRA: zebra message comes from socket [17]
2017/11/19 13:29:03 ZEBRA: zebra message received [ZEBRA_IPV6_ROUTE_ADD] 41
2017/11/19 13:29:03 ZEBRA: zebra message comes from socket [17]
2017/11/19 13:29:03 ZEBRA: zebra message received [ZEBRA_IPV6_ROUTE_ADD] 41
2017/11/19 13:29:04 ZEBRA: zebra message comes from socket [17]
2017/11/19 13:29:04 ZEBRA: zebra message received [ZEBRA_IPV6_ROUTE_ADD] 41
2017/11/19 13:29:04 ZEBRA: zebra message comes from socket [17]
2017/11/19 13:29:04 ZEBRA: zebra message received [ZEBRA_IPV6_ROUTE_ADD] 41
2017/11/19 13:29:04 ZEBRA: zebra message comes from socket [17]
2017/11/19 13:29:04 ZEBRA: zebra message received [ZEBRA_IPV6_ROUTE_ADD] 41
2017/11/19 13:29:10 ZEBRA: zebra message comes from socket [16]
2017/11/19 13:29:10 ZEBRA: zebra message received [ZEBRA_IPV4_ROUTE_ADD] 32
2017/11/19 13:29:10 ZEBRA: zebra message comes from socket [16]
2017/11/19 13:29:10 ZEBRA: zebra message received [ZEBRA_IPV4_ROUTE_ADD] 23
2017/11/19 13:29:13 ZEBRA: zebra message comes from socket [16]
2017/11/19 13:29:13 ZEBRA: zebra message received [ZEBRA_IPV4_ROUTE_ADD] 23
2017/11/19 13:29:29 ZEBRA: zebra message comes from socket [17]
2017/11/19 13:29:29 ZEBRA: zebra message received [ZEBRA_IPV6_ROUTE_DELETE] 41
2017/11/19 13:29:29 ZEBRA: zebra message comes from socket [17]
2017/11/19 13:29:29 ZEBRA: zebra message received [ZEBRA_IPV6_ROUTE_ADD] 41
2017/11/19 13:29:29 ZEBRA: zebra message comes from socket [17]
2017/11/19 13:29:29 ZEBRA: zebra message received [ZEBRA_IPV6_ROUTE_ADD] 41
2017/11/19 13:29:39 ZEBRA: zebra message comes from socket [17]
2017/11/19 13:29:39 ZEBRA: zebra message received [ZEBRA_IPV6_ROUTE_ADD] 41
2017/11/19 13:29:39 ZEBRA: zebra message comes from socket [17]
2017/11/19 13:29:39 ZEBRA: zebra message received [ZEBRA_IPV6_ROUTE_DELETE] 41
2017/11/19 13:29:39 ZEBRA: zebra message comes from socket [17]
2017/11/19 13:29:39 ZEBRA: zebra message received [ZEBRA_IPV6_ROUTE_DELETE] 41
2017/11/19 13:29:39 ZEBRA: zebra message comes from socket [17]
2017/11/19 13:29:39 ZEBRA: zebra message received [ZEBRA_IPV6_ROUTE_ADD] 41
2017/11/19 13:29:39 ZEBRA: zebra message comes from socket [17]
2017/11/19 13:29:39 ZEBRA: zebra message received [ZEBRA_IPV6_ROUTE_ADD] 63
2017/11/19 13:37:11 ZEBRA: zebra message comes from socket [17]
2017/11/19 13:37:11 ZEBRA: zebra message received [ZEBRA_IPV6_ROUTE_DELETE] 41
2017/11/19 13:37:11 ZEBRA: zebra message comes from socket [17]
2017/11/19 13:37:11 ZEBRA: zebra message received [ZEBRA_IPV6_ROUTE_ADD] 41
2017/11/19 13:37:11 ZEBRA: zebra message comes from socket [17]
2017/11/19 13:37:11 ZEBRA: zebra message received [ZEBRA_IPV6_ROUTE_DELETE] 41
2017/11/19 13:37:11 ZEBRA: zebra message comes from socket [17]
2017/11/19 13:37:11 ZEBRA: zebra message received [ZEBRA_IPV6_ROUTE_ADD] 41
2017/11/19 13:37:11 ZEBRA: zebra message comes from socket [17]
2017/11/19 13:37:11 ZEBRA: zebra message received [ZEBRA_IPV6_ROUTE_DELETE] 41
2017/11/19 13:37:11 ZEBRA: zebra message comes from socket [16]
2017/11/19 13:37:11 ZEBRA: zebra message received [ZEBRA_IPV4_ROUTE_DELETE] 19
2017/11/19 13:37:18 ZEBRA: zebra message comes from socket [17]
2017/11/19 13:37:18 ZEBRA: zebra message received [ZEBRA_IPV6_ROUTE_DELETE] 41
2017/11/19 13:37:18 ZEBRA: zebra message comes from socket [17]
2017/11/19 13:37:18 ZEBRA: zebra message received [ZEBRA_IPV6_ROUTE_DELETE] 41
2017/11/19 13:37:18 ZEBRA: zebra message comes from socket [17]
2017/11/19 13:37:18 ZEBRA: zebra message received [ZEBRA_IPV6_ROUTE_ADD] 41
2017/11/19 13:37:18 ZEBRA: zebra message comes from socket [17]
2017/11/19 13:37:18 ZEBRA: zebra message received [ZEBRA_IPV6_ROUTE_ADD] 41
2017/11/19 13:37:18 ZEBRA: zebra message comes from socket [17]
2017/11/19 13:37:18 ZEBRA: zebra message received [ZEBRA_IPV6_ROUTE_ADD] 41
2017/11/19 13:37:18 ZEBRA: zebra message comes from socket [17]
2017/11/19 13:37:18 ZEBRA: zebra message received [ZEBRA_IPV6_ROUTE_ADD] 41
2017/11/19 13:37:18 ZEBRA: zebra message comes from socket [17]
2017/11/19 13:37:18 ZEBRA: zebra message received [ZEBRA_IPV6_ROUTE_DELETE] 41
2017/11/19 13:37:18 ZEBRA: zebra message comes from socket [17]
2017/11/19 13:37:18 ZEBRA: zebra message received [ZEBRA_IPV6_ROUTE_DELETE] 41
2017/11/19 13:37:18 ZEBRA: zebra message comes from socket [17]
2017/11/19 13:37:18 ZEBRA: zebra message received [ZEBRA_IPV6_ROUTE_ADD] 41
2017/11/19 13:37:18 ZEBRA: zebra message comes from socket [17]
2017/11/19 13:37:18 ZEBRA: zebra message received [ZEBRA_IPV6_ROUTE_ADD] 41
2017/11/19 13:37:18 ZEBRA: zebra message comes from socket [16]
2017/11/19 13:37:18 ZEBRA: zebra message received [ZEBRA_IPV4_ROUTE_ADD] 23
2017/11/19 13:37:21 ZEBRA: zebra message comes from socket [17]
2017/11/19 13:37:21 ZEBRA: zebra message received [ZEBRA_IPV6_ROUTE_DELETE] 41
2017/11/19 13:37:21 ZEBRA: zebra message comes from socket [17]
2017/11/19 13:37:21 ZEBRA: zebra message received [ZEBRA_IPV6_ROUTE_DELETE] 41
2017/11/19 13:37:21 ZEBRA: zebra message comes from socket [17]
2017/11/19 13:37:21 ZEBRA: zebra message received [ZEBRA_IPV6_ROUTE_ADD] 63
2017/11/19 13:37:23 ZEBRA: zebra message comes from socket [17]
2017/11/19 13:37:23 ZEBRA: zebra message received [ZEBRA_IPV6_ROUTE_ADD] 41
2017/11/19 13:37:23 ZEBRA: zebra message comes from socket [17]
2017/11/19 13:37:23 ZEBRA: zebra message received [ZEBRA_IPV6_ROUTE_ADD] 41
2017/11/19 13:37:23 ZEBRA: zebra message comes from socket [17]
2017/11/19 13:37:23 ZEBRA: zebra message received [ZEBRA_IPV6_ROUTE_ADD] 63
2017/11/19 13:37:23 ZEBRA: zebra message comes from socket [17]
2017/11/19 13:37:23 ZEBRA: zebra message received [ZEBRA_IPV6_ROUTE_DELETE] 41
2017/11/19 13:37:23 ZEBRA: zebra message comes from socket [17]
2017/11/19 13:37:23 ZEBRA: zebra message received [ZEBRA_IPV6_ROUTE_ADD] 41
2017/11/19 13:37:23 ZEBRA: zebra message comes from socket [16]
2017/11/19 13:37:23 ZEBRA: zebra message received [ZEBRA_IPV4_ROUTE_DELETE] 19
2017/11/19 13:37:33 ZEBRA: zebra message comes from socket [16]
2017/11/19 13:37:33 ZEBRA: zebra message received [ZEBRA_IPV4_ROUTE_ADD] 23
2017/11/19 13:37:33 ZEBRA: zebra message comes from socket [16]
2017/11/19 13:37:33 ZEBRA: zebra message received [ZEBRA_IPV4_ROUTE_ADD] 23
2017/11/19 13:45:00 ZEBRA: zebra message comes from socket [17]
2017/11/19 13:45:00 ZEBRA: zebra message received [ZEBRA_IPV6_ROUTE_DELETE] 41
2017/11/19 13:45:00 ZEBRA: zebra message comes from socket [17]
2017/11/19 13:45:00 ZEBRA: zebra message received [ZEBRA_IPV6_ROUTE_DELETE] 41
2017/11/19 13:45:00 ZEBRA: zebra message comes from socket [17]
2017/11/19 13:45:00 ZEBRA: zebra message received [ZEBRA_IPV6_ROUTE_ADD] 41
2017/11/19 13:45:00 ZEBRA: MESSAGE: ZEBRA_INTERFACE_DOWN r2-eth1
2017/11/19 13:45:00 ZEBRA: MESSAGE: ZEBRA_INTERFACE_ADDRESS_DELETE 2001:1:0:12::2/64 on r2-eth1
2017/11/19 13:45:00 ZEBRA: MESSAGE: ZEBRA_INTERFACE_ADDRESS_DELETE fe80::70e8:31ff:fe80:360b/64 on r2-eth1
2017/11/19 13:45:00 ZEBRA: zebra message comes from socket [17]
2017/11/19 13:45:00 ZEBRA: zebra message received [ZEBRA_IPV6_ROUTE_DELETE] 41
2017/11/19 13:45:00 ZEBRA: zebra message comes from socket [17]
2017/11/19 13:45:00 ZEBRA: zebra message received [ZEBRA_IPV6_ROUTE_DELETE] 41
2017/11/19 13:45:00 ZEBRA: MESSAGE: ZEBRA_INTERFACE_ADDRESS_DELETE 10.10.12.2/24 on r2-eth1
2017/11/19 13:45:00 ZEBRA: MESSAGE: ZEBRA_INTERFACE_ADDRESS_DELETE 2001:1:0:12::2/64 on r2-eth1
2017/11/19 13:45:00 ZEBRA: MESSAGE: ZEBRA_INTERFACE_DELETE r2-eth1
2017/11/19 13:45:00 ZEBRA: MESSAGE: ZEBRA_INTERFACE_DOWN r2-eth2
2017/11/19 13:45:00 ZEBRA: MESSAGE: ZEBRA_INTERFACE_ADDRESS_DELETE 2001:1:0:23::2/64 on r2-eth2
2017/11/19 13:45:00 ZEBRA: MESSAGE: ZEBRA_INTERFACE_ADDRESS_DELETE fe80::70e2:faff:fe4d:a77c/64 on r2-eth2
2017/11/19 13:45:00 ZEBRA: zebra message comes from socket [17]
2017/11/19 13:45:00 ZEBRA: zebra message received [ZEBRA_IPV6_ROUTE_DELETE] 41
2017/11/19 13:45:00 ZEBRA: zebra message comes from socket [17]
2017/11/19 13:45:00 ZEBRA: zebra message received [ZEBRA_IPV6_ROUTE_ADD] 41
2017/11/19 13:45:00 ZEBRA: MESSAGE: ZEBRA_INTERFACE_ADDRESS_DELETE 10.10.23.2/24 on r2-eth2
2017/11/19 13:45:00 ZEBRA: MESSAGE: ZEBRA_INTERFACE_ADDRESS_DELETE 2001:1:0:23::2/64 on r2-eth2
2017/11/19 13:45:00 ZEBRA: MESSAGE: ZEBRA_INTERFACE_DELETE r2-eth2
2017/11/19 13:45:01 ZEBRA: zebra message comes from socket [16]
2017/11/19 13:45:01 ZEBRA: zebra message received [ZEBRA_IPV4_ROUTE_DELETE] 19
2017/11/19 13:45:01 ZEBRA: zebra message comes from socket [16]
2017/11/19 13:45:01 ZEBRA: zebra message received [ZEBRA_IPV4_ROUTE_DELETE] 15
2017/11/19 13:45:01 ZEBRA: zebra message comes from socket [16]
2017/11/19 13:45:01 ZEBRA: zebra message received [ZEBRA_IPV4_ROUTE_DELETE] 19
2017/11/19 13:45:01 ZEBRA: zebra message comes from socket [16]
2017/11/19 13:45:01 ZEBRA: zebra message received [ZEBRA_IPV4_ROUTE_DELETE] 15
2017/11/19 13:45:01 ZEBRA: zebra message comes from socket [16]
2017/11/19 13:45:01 ZEBRA: zebra message received [ZEBRA_IPV4_ROUTE_ADD] 23
2017/11/19 13:45:01 ZEBRA: MESSAGE: ZEBRA_INTERFACE_DOWN r2-eth3
2017/11/19 13:45:01 ZEBRA: zebra message comes from socket [17]
2017/11/19 13:45:01 ZEBRA: zebra message received [ZEBRA_IPV6_ROUTE_DELETE] 41
2017/11/19 13:45:01 ZEBRA: zebra message comes from socket [17]
2017/11/19 13:45:01 ZEBRA: zebra message received [ZEBRA_IPV6_ROUTE_DELETE] 41
2017/11/19 13:45:01 ZEBRA: zebra message comes from socket [17]
2017/11/19 13:45:01 ZEBRA: zebra message received [ZEBRA_IPV6_ROUTE_DELETE] 41
2017/11/19 13:45:01 ZEBRA: MESSAGE: ZEBRA_INTERFACE_ADDRESS_DELETE 2001:1:0:25::2/64 on r2-eth3
2017/11/19 13:45:01 ZEBRA: MESSAGE: ZEBRA_INTERFACE_ADDRESS_DELETE fe80::e4be:1fff:fe40:10f6/64 on r2-eth3
2017/11/19 13:45:01 ZEBRA: zebra message comes from socket [17]
2017/11/19 13:45:01 ZEBRA: zebra message received [ZEBRA_IPV6_ROUTE_DELETE] 41
2017/11/19 13:45:01 ZEBRA: MESSAGE: ZEBRA_INTERFACE_ADDRESS_DELETE 10.10.25.2/24 on r2-eth3
2017/11/19 13:45:01 ZEBRA: MESSAGE: ZEBRA_INTERFACE_ADDRESS_DELETE 2001:1:0:25::2/64 on r2-eth3
2017/11/19 13:45:01 ZEBRA: MESSAGE: ZEBRA_INTERFACE_DELETE r2-eth3
2017/11/19 13:45:01 ZEBRA: MESSAGE: ZEBRA_INTERFACE_DOWN r2-eth4
2017/11/19 13:45:01 ZEBRA: MESSAGE: ZEBRA_INTERFACE_ADDRESS_DELETE 2001:1:0:22::2/64 on r2-eth4
2017/11/19 13:45:01 ZEBRA: MESSAGE: ZEBRA_INTERFACE_ADDRESS_DELETE fe80::8b3:cff:fe7f:d20d/64 on r2-eth4
2017/11/19 13:45:01 ZEBRA: MESSAGE: ZEBRA_INTERFACE_ADDRESS_DELETE 10.10.22.2/24 on r2-eth4
2017/11/19 13:45:01 ZEBRA: MESSAGE: ZEBRA_INTERFACE_ADDRESS_DELETE 2001:1:0:22::2/64 on r2-eth4
2017/11/19 13:45:01 ZEBRA: MESSAGE: ZEBRA_INTERFACE_DELETE r2-eth4
2017/11/19 13:45:36 ZEBRA: MESSAGE: ZEBRA_INTERFACE_ADDRESS_ADD 2001:1:0:12::2/64 on r2-eth1
2017/11/19 13:45:36 ZEBRA: MESSAGE: ZEBRA_INTERFACE_ADDRESS_ADD 10.10.23.2/24 on r2-eth2
2017/11/19 13:45:36 ZEBRA: MESSAGE: ZEBRA_INTERFACE_ADDRESS_ADD 2001:1:0:23::2/64 on r2-eth2
2017/11/19 13:45:36 ZEBRA: MESSAGE: ZEBRA_INTERFACE_ADDRESS_ADD 10.10.25.2/24 on r2-eth3
2017/11/19 13:45:36 ZEBRA: MESSAGE: ZEBRA_INTERFACE_ADDRESS_ADD 2001:1:0:25::2/64 on r2-eth3
2017/11/19 13:45:36 ZEBRA: MESSAGE: ZEBRA_INTERFACE_ADDRESS_ADD 10.10.22.2/24 on r2-eth4
2017/11/19 13:45:36 ZEBRA: MESSAGE: ZEBRA_INTERFACE_ADDRESS_ADD 2001:1:0:22::2/64 on r2-eth4
2017/11/19 13:45:36 ZEBRA: Zebra 0.99.22.4 starting: vty@2601
2017/11/19 13:45:36 ZEBRA: zebra message comes from socket [16]
2017/11/19 13:45:36 ZEBRA: zebra message received [ZEBRA_HELLO] 1
2017/11/19 13:45:36 ZEBRA: client 16 says hello and bids fair to announce only ospf routes
2017/11/19 13:45:36 ZEBRA: zebra message comes from socket [16]
2017/11/19 13:45:36 ZEBRA: zebra message received [ZEBRA_ROUTER_ID_ADD] 0
2017/11/19 13:45:36 ZEBRA: zebra message comes from socket [16]
2017/11/19 13:45:36 ZEBRA: zebra message received [ZEBRA_INTERFACE_ADD] 0
2017/11/19 13:45:36 ZEBRA: zebra message comes from socket [17]
2017/11/19 13:45:36 ZEBRA: zebra message received [ZEBRA_HELLO] 1
2017/11/19 13:45:36 ZEBRA: client 17 says hello and bids fair to announce only ospf6 routes
2017/11/19 13:45:36 ZEBRA: zebra message comes from socket [17]
2017/11/19 13:45:36 ZEBRA: zebra message received [ZEBRA_ROUTER_ID_ADD] 0
2017/11/19 13:45:36 ZEBRA: zebra message comes from socket [17]
2017/11/19 13:45:36 ZEBRA: zebra message received [ZEBRA_INTERFACE_ADD] 0
2017/11/19 13:45:36 ZEBRA: zebra message comes from socket [16]
2017/11/19 13:45:36 ZEBRA: zebra message received [ZEBRA_IPV4_ROUTE_ADD] 19
2017/11/19 13:45:36 ZEBRA: zebra message comes from socket [16]
2017/11/19 13:45:36 ZEBRA: zebra message received [ZEBRA_IPV4_ROUTE_ADD] 19
2017/11/19 13:45:36 ZEBRA: zebra message comes from socket [16]
2017/11/19 13:45:36 ZEBRA: zebra message received [ZEBRA_IPV4_ROUTE_ADD] 19
2017/11/19 13:45:36 ZEBRA: zebra message comes from socket [16]
2017/11/19 13:45:36 ZEBRA: zebra message received [ZEBRA_IPV4_ROUTE_ADD] 19
2017/11/19 13:46:16 ZEBRA: zebra message comes from socket [17]
2017/11/19 13:46:16 ZEBRA: zebra message received [ZEBRA_IPV6_ROUTE_ADD] 41
2017/11/19 13:46:16 ZEBRA: zebra message comes from socket [17]
2017/11/19 13:46:16 ZEBRA: zebra message received [ZEBRA_IPV6_ROUTE_ADD] 41
2017/11/19 13:46:16 ZEBRA: zebra message comes from socket [17]
2017/11/19 13:46:16 ZEBRA: zebra message received [ZEBRA_IPV6_ROUTE_ADD] 41
2017/11/19 13:46:16 ZEBRA: zebra message comes from socket [17]
2017/11/19 13:46:16 ZEBRA: zebra message received [ZEBRA_IPV6_ROUTE_ADD] 41
2017/11/19 13:46:16 ZEBRA: zebra message comes from socket [17]
2017/11/19 13:46:16 ZEBRA: zebra message received [ZEBRA_IPV6_ROUTE_ADD] 41
2017/11/19 13:46:16 ZEBRA: zebra message comes from socket [17]
2017/11/19 13:46:16 ZEBRA: zebra message received [ZEBRA_IPV6_ROUTE_ADD] 41
2017/11/19 13:46:16 ZEBRA: zebra message comes from socket [17]
2017/11/19 13:46:16 ZEBRA: zebra message received [ZEBRA_IPV6_ROUTE_DELETE] 41
2017/11/19 13:46:16 ZEBRA: zebra message comes from socket [17]
2017/11/19 13:46:16 ZEBRA: zebra message received [ZEBRA_IPV6_ROUTE_DELETE] 41
2017/11/19 13:46:16 ZEBRA: zebra message comes from socket [17]
2017/11/19 13:46:16 ZEBRA: zebra message received [ZEBRA_IPV6_ROUTE_DELETE] 41
2017/11/19 13:46:16 ZEBRA: zebra message comes from socket [17]
2017/11/19 13:46:16 ZEBRA: zebra message received [ZEBRA_IPV6_ROUTE_ADD] 41
2017/11/19 13:46:16 ZEBRA: zebra message comes from socket [17]
2017/11/19 13:46:16 ZEBRA: zebra message received [ZEBRA_IPV6_ROUTE_ADD] 41
2017/11/19 13:46:16 ZEBRA: zebra message comes from socket [17]
2017/11/19 13:46:16 ZEBRA: zebra message received [ZEBRA_IPV6_ROUTE_ADD] 41
2017/11/19 13:46:16 ZEBRA: zebra message comes from socket [17]
2017/11/19 13:46:16 ZEBRA: zebra message received [ZEBRA_IPV6_ROUTE_ADD] 41
2017/11/19 13:46:16 ZEBRA: zebra message comes from socket [17]
2017/11/19 13:46:16 ZEBRA: zebra message received [ZEBRA_IPV6_ROUTE_DELETE] 41
2017/11/19 13:46:16 ZEBRA: zebra message comes from socket [17]
2017/11/19 13:46:16 ZEBRA: zebra message received [ZEBRA_IPV6_ROUTE_DELETE] 41
2017/11/19 13:46:16 ZEBRA: zebra message comes from socket [17]
2017/11/19 13:46:16 ZEBRA: zebra message received [ZEBRA_IPV6_ROUTE_ADD] 41
2017/11/19 13:46:16 ZEBRA: zebra message comes from socket [17]
2017/11/19 13:46:16 ZEBRA: zebra message received [ZEBRA_IPV6_ROUTE_ADD] 41
2017/11/19 13:46:16 ZEBRA: zebra message comes from socket [17]
2017/11/19 13:46:16 ZEBRA: zebra message received [ZEBRA_IPV6_ROUTE_ADD] 41
2017/11/19 13:46:17 ZEBRA: zebra message comes from socket [17]
2017/11/19 13:46:17 ZEBRA: zebra message received [ZEBRA_IPV6_ROUTE_ADD] 41
2017/11/19 13:46:21 ZEBRA: zebra message comes from socket [17]
2017/11/19 13:46:21 ZEBRA: zebra message received [ZEBRA_IPV6_ROUTE_DELETE] 41
2017/11/19 13:46:21 ZEBRA: zebra message comes from socket [17]
2017/11/19 13:46:21 ZEBRA: zebra message received [ZEBRA_IPV6_ROUTE_DELETE] 41
2017/11/19 13:46:21 ZEBRA: zebra message comes from socket [17]
2017/11/19 13:46:21 ZEBRA: zebra message received [ZEBRA_IPV6_ROUTE_ADD] 41
2017/11/19 13:46:21 ZEBRA: zebra message comes from socket [17]
2017/11/19 13:46:21 ZEBRA: zebra message received [ZEBRA_IPV6_ROUTE_ADD] 41
2017/11/19 13:46:21 ZEBRA: zebra message comes from socket [17]
2017/11/19 13:46:21 ZEBRA: zebra message received [ZEBRA_IPV6_ROUTE_ADD] 41
2017/11/19 13:46:21 ZEBRA: zebra message comes from socket [17]
2017/11/19 13:46:21 ZEBRA: zebra message received [ZEBRA_IPV6_ROUTE_DELETE] 41
2017/11/19 13:46:21 ZEBRA: zebra message comes from socket [17]
2017/11/19 13:46:21 ZEBRA: zebra message received [ZEBRA_IPV6_ROUTE_ADD] 41
2017/11/19 13:46:21 ZEBRA: zebra message comes from socket [17]
2017/11/19 13:46:21 ZEBRA: zebra message received [ZEBRA_IPV6_ROUTE_ADD] 63
2017/11/19 13:46:26 ZEBRA: zebra message comes from socket [16]
2017/11/19 13:46:26 ZEBRA: zebra message received [ZEBRA_IPV4_ROUTE_ADD] 23
2017/11/19 13:46:26 ZEBRA: zebra message comes from socket [16]
2017/11/19 13:46:26 ZEBRA: zebra message received [ZEBRA_IPV4_ROUTE_ADD] 23
2017/11/19 13:46:26 ZEBRA: zebra message comes from socket [16]
2017/11/19 13:46:26 ZEBRA: zebra message received [ZEBRA_IPV4_ROUTE_ADD] 32
2017/11/19 13:46:26 ZEBRA: zebra message comes from socket [16]
2017/11/19 13:46:26 ZEBRA: zebra message received [ZEBRA_IPV4_ROUTE_ADD] 23
2017/11/19 14:02:33 ZEBRA: zebra message comes from socket [17]
2017/11/19 14:02:33 ZEBRA: zebra message received [ZEBRA_IPV6_ROUTE_DELETE] 41
2017/11/19 14:02:33 ZEBRA: zebra message comes from socket [17]
2017/11/19 14:02:33 ZEBRA: zebra message received [ZEBRA_IPV6_ROUTE_ADD] 41
2017/11/19 14:02:33 ZEBRA: zebra message comes from socket [17]
2017/11/19 14:02:33 ZEBRA: zebra message received [ZEBRA_IPV6_ROUTE_DELETE] 41
2017/11/19 14:02:33 ZEBRA: zebra message comes from socket [17]
2017/11/19 14:02:33 ZEBRA: zebra message received [ZEBRA_IPV6_ROUTE_ADD] 41
2017/11/19 14:02:33 ZEBRA: zebra message comes from socket [17]
2017/11/19 14:02:33 ZEBRA: zebra message received [ZEBRA_IPV6_ROUTE_DELETE] 41
2017/11/19 14:02:33 ZEBRA: zebra message comes from socket [17]
2017/11/19 14:02:33 ZEBRA: zebra message received [ZEBRA_IPV6_ROUTE_ADD] 63
2017/11/19 14:02:33 ZEBRA: zebra message comes from socket [16]
2017/11/19 14:02:33 ZEBRA: zebra message received [ZEBRA_IPV4_ROUTE_DELETE] 19
2017/11/19 14:02:33 ZEBRA: zebra message comes from socket [16]
2017/11/19 14:02:33 ZEBRA: zebra message received [ZEBRA_IPV4_ROUTE_DELETE] 19
2017/11/19 14:02:37 ZEBRA: zebra message comes from socket [16]
2017/11/19 14:02:37 ZEBRA: zebra message received [ZEBRA_IPV4_ROUTE_ADD] 23
2017/11/19 14:02:37 ZEBRA: zebra message comes from socket [16]
2017/11/19 14:02:37 ZEBRA: zebra message received [ZEBRA_IPV4_ROUTE_ADD] 23
2017/11/19 14:02:37 ZEBRA: zebra message comes from socket [17]
2017/11/19 14:02:37 ZEBRA: zebra message received [ZEBRA_IPV6_ROUTE_DELETE] 41
2017/11/19 14:02:37 ZEBRA: zebra message comes from socket [17]
2017/11/19 14:02:37 ZEBRA: zebra message received [ZEBRA_IPV6_ROUTE_DELETE] 41
2017/11/19 14:02:37 ZEBRA: zebra message comes from socket [17]
2017/11/19 14:02:37 ZEBRA: zebra message received [ZEBRA_IPV6_ROUTE_ADD] 41
2017/11/19 14:02:37 ZEBRA: zebra message comes from socket [17]
2017/11/19 14:02:37 ZEBRA: zebra message received [ZEBRA_IPV6_ROUTE_ADD] 41
2017/11/19 14:02:37 ZEBRA: zebra message comes from socket [17]
2017/11/19 14:02:37 ZEBRA: zebra message received [ZEBRA_IPV6_ROUTE_ADD] 41
2017/11/19 14:02:37 ZEBRA: zebra message comes from socket [17]
2017/11/19 14:02:37 ZEBRA: zebra message received [ZEBRA_IPV6_ROUTE_ADD] 41
2017/11/19 14:02:37 ZEBRA: zebra message comes from socket [17]
2017/11/19 14:02:37 ZEBRA: zebra message received [ZEBRA_IPV6_ROUTE_ADD] 63
2017/11/19 14:02:37 ZEBRA: zebra message comes from socket [17]
2017/11/19 14:02:37 ZEBRA: zebra message received [ZEBRA_IPV6_ROUTE_DELETE] 41
2017/11/19 14:02:37 ZEBRA: zebra message comes from socket [17]
2017/11/19 14:02:37 ZEBRA: zebra message received [ZEBRA_IPV6_ROUTE_DELETE] 41
2017/11/19 14:02:37 ZEBRA: zebra message comes from socket [17]
2017/11/19 14:02:37 ZEBRA: zebra message received [ZEBRA_IPV6_ROUTE_ADD] 41
2017/11/19 14:02:37 ZEBRA: zebra message comes from socket [17]
2017/11/19 14:02:37 ZEBRA: zebra message received [ZEBRA_IPV6_ROUTE_ADD] 41
2017/11/19 14:02:38 ZEBRA: zebra message comes from socket [17]
2017/11/19 14:02:38 ZEBRA: zebra message received [ZEBRA_IPV6_ROUTE_ADD] 41
2017/11/19 14:02:38 ZEBRA: zebra message comes from socket [17]
2017/11/19 14:02:38 ZEBRA: zebra message received [ZEBRA_IPV6_ROUTE_ADD] 41
2017/11/19 14:02:38 ZEBRA: zebra message comes from socket [17]
2017/11/19 14:02:38 ZEBRA: zebra message received [ZEBRA_IPV6_ROUTE_DELETE] 41
2017/11/19 14:02:38 ZEBRA: zebra message comes from socket [17]
2017/11/19 14:02:38 ZEBRA: zebra message received [ZEBRA_IPV6_ROUTE_DELETE] 41
2017/11/19 14:02:42 ZEBRA: zebra message comes from socket [16]
2017/11/19 14:02:42 ZEBRA: zebra message received [ZEBRA_IPV4_ROUTE_DELETE] 19
2017/11/19 14:02:42 ZEBRA: zebra message comes from socket [16]
2017/11/19 14:02:42 ZEBRA: zebra message received [ZEBRA_IPV4_ROUTE_DELETE] 19
2017/11/19 14:02:42 ZEBRA: zebra message comes from socket [17]
2017/11/19 14:02:42 ZEBRA: zebra message received [ZEBRA_IPV6_ROUTE_ADD] 41
2017/11/19 14:02:42 ZEBRA: zebra message comes from socket [17]
2017/11/19 14:02:42 ZEBRA: zebra message received [ZEBRA_IPV6_ROUTE_ADD] 41
2017/11/19 14:02:43 ZEBRA: zebra message comes from socket [16]
2017/11/19 14:02:43 ZEBRA: zebra message received [ZEBRA_IPV4_ROUTE_ADD] 23
2017/11/19 14:02:43 ZEBRA: zebra message comes from socket [16]
2017/11/19 14:02:43 ZEBRA: zebra message received [ZEBRA_IPV4_ROUTE_ADD] 23
2017/11/19 14:10:23 ZEBRA: zebra message comes from socket [17]
2017/11/19 14:10:23 ZEBRA: zebra message received [ZEBRA_IPV6_ROUTE_DELETE] 41
2017/11/19 14:10:23 ZEBRA: zebra message comes from socket [17]
2017/11/19 14:10:23 ZEBRA: zebra message received [ZEBRA_IPV6_ROUTE_DELETE] 41
2017/11/19 14:10:23 ZEBRA: zebra message comes from socket [17]
2017/11/19 14:10:23 ZEBRA: zebra message received [ZEBRA_IPV6_ROUTE_ADD] 41
2017/11/19 14:10:23 ZEBRA: zebra message comes from socket [17]
2017/11/19 14:10:23 ZEBRA: zebra message received [ZEBRA_IPV6_ROUTE_ADD] 41
2017/11/19 14:10:27 ZEBRA: zebra message comes from socket [17]
2017/11/19 14:10:27 ZEBRA: zebra message received [ZEBRA_IPV6_ROUTE_ADD] 41
2017/11/19 14:10:27 ZEBRA: zebra message comes from socket [17]
2017/11/19 14:10:27 ZEBRA: zebra message received [ZEBRA_IPV6_ROUTE_ADD] 41
2017/11/19 14:47:06 ZEBRA: Vty connection from 127.0.0.1
2017/11/19 14:47:29 ZEBRA: MESSAGE: ZEBRA_INTERFACE_DOWN r2-eth1
2017/11/19 14:47:29 ZEBRA: MESSAGE: ZEBRA_INTERFACE_ADDRESS_DELETE 2001:1:0:12::2/64 on r2-eth1
2017/11/19 14:47:29 ZEBRA: MESSAGE: ZEBRA_INTERFACE_ADDRESS_DELETE fe80::dcd2:2ff:fe37:80e9/64 on r2-eth1
2017/11/19 14:47:29 ZEBRA: zebra message comes from socket [17]
2017/11/19 14:47:29 ZEBRA: zebra message received [ZEBRA_IPV6_ROUTE_DELETE] 41
2017/11/19 14:47:29 ZEBRA: zebra message comes from socket [17]
2017/11/19 14:47:29 ZEBRA: zebra message received [ZEBRA_IPV6_ROUTE_ADD] 41
2017/11/19 14:47:29 ZEBRA: zebra message comes from socket [17]
2017/11/19 14:47:29 ZEBRA: zebra message received [ZEBRA_IPV6_ROUTE_ADD] 41
2017/11/19 14:47:29 ZEBRA: zebra message comes from socket [17]
2017/11/19 14:47:29 ZEBRA: zebra message received [ZEBRA_IPV6_ROUTE_ADD] 63
2017/11/19 14:47:30 ZEBRA: zebra message comes from socket [16]
2017/11/19 14:47:30 ZEBRA: zebra message received [ZEBRA_IPV4_ROUTE_DELETE] 15
2017/11/19 14:47:30 ZEBRA: zebra message comes from socket [16]
2017/11/19 14:47:30 ZEBRA: zebra message received [ZEBRA_IPV4_ROUTE_ADD] 23
2017/11/19 14:47:30 ZEBRA: zebra message comes from socket [16]
2017/11/19 14:47:30 ZEBRA: zebra message received [ZEBRA_IPV4_ROUTE_ADD] 23
2017/11/19 14:48:07 ZEBRA: zebra message comes from socket [16]
2017/11/19 14:48:07 ZEBRA: zebra message received [ZEBRA_IPV4_ROUTE_ADD] 23
2017/11/19 14:48:08 ZEBRA: zebra message comes from socket [17]
2017/11/19 14:48:08 ZEBRA: zebra message received [ZEBRA_IPV6_ROUTE_DELETE] 41
2017/11/19 14:48:08 ZEBRA: zebra message comes from socket [17]
2017/11/19 14:48:08 ZEBRA: zebra message received [ZEBRA_IPV6_ROUTE_ADD] 41
2017/11/19 14:48:08 ZEBRA: zebra message comes from socket [17]
2017/11/19 14:48:08 ZEBRA: zebra message received [ZEBRA_IPV6_ROUTE_ADD] 41
2017/11/19 14:52:49 ZEBRA: zebra message comes from socket [16]
2017/11/19 14:52:49 ZEBRA: zebra message received [ZEBRA_IPV4_ROUTE_DELETE] 19
2017/11/19 14:52:49 ZEBRA: zebra message comes from socket [16]
2017/11/19 14:52:49 ZEBRA: zebra message received [ZEBRA_IPV4_ROUTE_DELETE] 19
2017/11/19 14:52:49 ZEBRA: zebra message comes from socket [16]
2017/11/19 14:52:49 ZEBRA: zebra message received [ZEBRA_IPV4_ROUTE_DELETE] 19
2017/11/19 14:52:49 ZEBRA: zebra message comes from socket [16]
2017/11/19 14:52:49 ZEBRA: zebra message received [ZEBRA_IPV4_ROUTE_DELETE] 15
2017/11/19 14:52:49 ZEBRA: zebra message comes from socket [16]
2017/11/19 14:52:49 ZEBRA: zebra message received [ZEBRA_IPV4_ROUTE_DELETE] 15
2017/11/19 14:52:49 ZEBRA: zebra message comes from socket [16]
2017/11/19 14:52:49 ZEBRA: zebra message received [ZEBRA_IPV4_ROUTE_DELETE] 15
2017/11/19 14:52:49 ZEBRA: zebra message comes from socket [16]
2017/11/19 14:52:49 ZEBRA: zebra message received [ZEBRA_IPV4_ROUTE_DELETE] 28
2017/11/19 14:52:49 ZEBRA: zebra message comes from socket [16]
2017/11/19 14:52:49 ZEBRA: zebra message received [ZEBRA_IPV4_ROUTE_DELETE] 19
2017/11/19 14:52:49 ZEBRA: connection closed socket [16]
2017/11/19 14:52:49 ZEBRA: client 16 disconnected. 0 ospf routes removed from the rib
2017/11/19 14:52:51 ZEBRA: zebra message comes from socket [17]
2017/11/19 14:52:51 ZEBRA: zebra message received [ZEBRA_IPV6_ROUTE_DELETE] 41
2017/11/19 14:52:51 ZEBRA: zebra message comes from socket [17]
2017/11/19 14:52:51 ZEBRA: zebra message received [ZEBRA_IPV6_ROUTE_DELETE] 41
2017/11/19 14:52:51 ZEBRA: zebra message comes from socket [17]
2017/11/19 14:52:51 ZEBRA: zebra message received [ZEBRA_IPV6_ROUTE_DELETE] 41
2017/11/19 14:52:51 ZEBRA: zebra message comes from socket [17]
2017/11/19 14:52:51 ZEBRA: zebra message received [ZEBRA_IPV6_ROUTE_DELETE] 41
2017/11/19 14:52:51 ZEBRA: zebra message comes from socket [17]
2017/11/19 14:52:51 ZEBRA: zebra message received [ZEBRA_IPV6_ROUTE_DELETE] 41
2017/11/19 14:52:51 ZEBRA: zebra message comes from socket [17]
2017/11/19 14:52:51 ZEBRA: zebra message received [ZEBRA_IPV6_ROUTE_DELETE] 41
2017/11/19 14:52:51 ZEBRA: zebra message comes from socket [17]
2017/11/19 14:52:51 ZEBRA: zebra message received [ZEBRA_IPV6_ROUTE_DELETE] 63
2017/11/19 14:52:51 ZEBRA: zebra message comes from socket [17]
2017/11/19 14:52:51 ZEBRA: zebra message received [ZEBRA_IPV6_ROUTE_DELETE] 41
2017/11/19 14:52:51 ZEBRA: connection closed socket [17]
2017/11/19 14:52:51 ZEBRA: client 17 disconnected. 0 ospf6 routes removed from the rib
2017/11/19 14:52:53 ZEBRA: Terminating on signal
2017/11/19 14:52:53 ZEBRA: IRDP: Received shutdown notification.
2017/11/19 14:53:21 ZEBRA: MESSAGE: ZEBRA_INTERFACE_UP r2-eth1
2017/11/19 14:53:21 ZEBRA: MESSAGE: ZEBRA_INTERFACE_ADDRESS_ADD 2001:1:0:12::2/64 on r2-eth1
2017/11/19 14:53:21 ZEBRA: Zebra 0.99.22.4 starting: vty@2601
2017/11/19 14:53:21 ZEBRA: MESSAGE: ZEBRA_INTERFACE_UP r2-eth1
2017/11/19 14:53:21 ZEBRA: MESSAGE: ZEBRA_INTERFACE_UP r2-eth1
2017/11/19 14:53:21 ZEBRA: zebra message comes from socket [16]
2017/11/19 14:53:21 ZEBRA: zebra message received [ZEBRA_HELLO] 1
2017/11/19 14:53:21 ZEBRA: client 16 says hello and bids fair to announce only ospf routes
2017/11/19 14:53:21 ZEBRA: zebra message comes from socket [16]
2017/11/19 14:53:21 ZEBRA: zebra message received [ZEBRA_ROUTER_ID_ADD] 0
2017/11/19 14:53:21 ZEBRA: zebra message comes from socket [16]
2017/11/19 14:53:21 ZEBRA: zebra message received [ZEBRA_INTERFACE_ADD] 0
2017/11/19 14:53:21 ZEBRA: zebra message comes from socket [16]
2017/11/19 14:53:21 ZEBRA: zebra message received [ZEBRA_IPV4_ROUTE_ADD] 19
2017/11/19 14:53:21 ZEBRA: zebra message comes from socket [16]
2017/11/19 14:53:21 ZEBRA: zebra message received [ZEBRA_IPV4_ROUTE_ADD] 19
2017/11/19 14:53:21 ZEBRA: zebra message comes from socket [16]
2017/11/19 14:53:21 ZEBRA: zebra message received [ZEBRA_IPV4_ROUTE_ADD] 19
2017/11/19 14:53:22 ZEBRA: MESSAGE: ZEBRA_INTERFACE_ADDRESS_ADD fe80::dcd2:2ff:fe37:80e9/64 on r2-eth1
2017/11/19 14:53:32 ZEBRA: zebra message comes from socket [16]
2017/11/19 14:53:32 ZEBRA: zebra message received [ZEBRA_IPV4_ROUTE_ADD] 23
2017/11/19 14:53:32 ZEBRA: zebra message comes from socket [16]
2017/11/19 14:53:32 ZEBRA: zebra message received [ZEBRA_IPV4_ROUTE_ADD] 23
2017/11/19 14:53:32 ZEBRA: zebra message comes from socket [16]
2017/11/19 14:53:32 ZEBRA: zebra message received [ZEBRA_IPV4_ROUTE_ADD] 23
2017/11/19 14:53:32 ZEBRA: zebra message comes from socket [16]
2017/11/19 14:53:32 ZEBRA: zebra message received [ZEBRA_IPV4_ROUTE_ADD] 23
2017/11/19 14:53:32 ZEBRA: zebra message comes from socket [16]
2017/11/19 14:53:32 ZEBRA: zebra message received [ZEBRA_IPV4_ROUTE_ADD] 23
2017/11/19 14:53:37 ZEBRA: zebra message comes from socket [16]
2017/11/19 14:53:37 ZEBRA: zebra message received [ZEBRA_IPV4_ROUTE_ADD] 32
2017/11/19 14:53:47 ZEBRA: zebra message comes from socket [16]
2017/11/19 14:53:47 ZEBRA: zebra message received [ZEBRA_IPV4_ROUTE_DELETE] 19
2017/11/19 14:53:47 ZEBRA: zebra message comes from socket [16]
2017/11/19 14:53:47 ZEBRA: zebra message received [ZEBRA_IPV4_ROUTE_DELETE] 19
2017/11/19 14:53:47 ZEBRA: zebra message comes from socket [16]
2017/11/19 14:53:47 ZEBRA: zebra message received [ZEBRA_IPV4_ROUTE_DELETE] 19
2017/11/19 14:53:47 ZEBRA: zebra message comes from socket [16]
2017/11/19 14:53:47 ZEBRA: zebra message received [ZEBRA_IPV4_ROUTE_DELETE] 15
2017/11/19 14:53:47 ZEBRA: zebra message comes from socket [16]
2017/11/19 14:53:47 ZEBRA: zebra message received [ZEBRA_IPV4_ROUTE_DELETE] 15
2017/11/19 14:53:47 ZEBRA: zebra message comes from socket [16]
2017/11/19 14:53:47 ZEBRA: zebra message received [ZEBRA_IPV4_ROUTE_DELETE] 15
2017/11/19 14:53:47 ZEBRA: zebra message comes from socket [16]
2017/11/19 14:53:47 ZEBRA: zebra message received [ZEBRA_IPV4_ROUTE_DELETE] 28
2017/11/19 14:53:47 ZEBRA: zebra message comes from socket [16]
2017/11/19 14:53:47 ZEBRA: zebra message received [ZEBRA_IPV4_ROUTE_DELETE] 19
2017/11/19 14:53:47 ZEBRA: connection closed socket [16]
2017/11/19 14:53:47 ZEBRA: client 16 disconnected. 0 ospf routes removed from the rib
2017/11/19 14:53:49 ZEBRA: Terminating on signal
2017/11/19 14:53:49 ZEBRA: IRDP: Received shutdown notification.
2017/11/19 14:53:53 ZEBRA: Zebra 0.99.22.4 starting: vty@2601
2017/11/19 14:53:53 ZEBRA: zebra message comes from socket [16]
2017/11/19 14:53:53 ZEBRA: zebra message received [ZEBRA_HELLO] 1
2017/11/19 14:53:53 ZEBRA: client 16 says hello and bids fair to announce only ospf routes
2017/11/19 14:53:53 ZEBRA: zebra message comes from socket [16]
2017/11/19 14:53:53 ZEBRA: zebra message received [ZEBRA_ROUTER_ID_ADD] 0
2017/11/19 14:53:53 ZEBRA: zebra message comes from socket [16]
2017/11/19 14:53:53 ZEBRA: zebra message received [ZEBRA_INTERFACE_ADD] 0
2017/11/19 14:53:53 ZEBRA: zebra message comes from socket [16]
2017/11/19 14:53:53 ZEBRA: zebra message received [ZEBRA_IPV4_ROUTE_ADD] 19
2017/11/19 14:53:53 ZEBRA: zebra message comes from socket [16]
2017/11/19 14:53:53 ZEBRA: zebra message received [ZEBRA_IPV4_ROUTE_ADD] 19
2017/11/19 14:53:53 ZEBRA: zebra message comes from socket [16]
2017/11/19 14:53:53 ZEBRA: zebra message received [ZEBRA_IPV4_ROUTE_ADD] 19
2017/11/19 14:54:02 ZEBRA: zebra message comes from socket [16]
2017/11/19 14:54:02 ZEBRA: zebra message received [ZEBRA_IPV4_ROUTE_ADD] 23
2017/11/19 14:54:02 ZEBRA: zebra message comes from socket [16]
2017/11/19 14:54:02 ZEBRA: zebra message received [ZEBRA_IPV4_ROUTE_ADD] 23
2017/11/19 14:54:02 ZEBRA: zebra message comes from socket [16]
2017/11/19 14:54:02 ZEBRA: zebra message received [ZEBRA_IPV4_ROUTE_ADD] 23
2017/11/19 14:54:02 ZEBRA: zebra message comes from socket [16]
2017/11/19 14:54:02 ZEBRA: zebra message received [ZEBRA_IPV4_ROUTE_ADD] 23
2017/11/19 14:54:02 ZEBRA: zebra message comes from socket [16]
2017/11/19 14:54:02 ZEBRA: zebra message received [ZEBRA_IPV4_ROUTE_ADD] 23
2017/11/19 14:54:07 ZEBRA: zebra message comes from socket [16]
2017/11/19 14:54:07 ZEBRA: zebra message received [ZEBRA_IPV4_ROUTE_ADD] 32
2017/11/19 14:54:11 ZEBRA: zebra message comes from socket [16]
2017/11/19 14:54:11 ZEBRA: zebra message received [ZEBRA_IPV4_ROUTE_DELETE] 19
2017/11/19 14:54:11 ZEBRA: zebra message comes from socket [16]
2017/11/19 14:54:11 ZEBRA: zebra message received [ZEBRA_IPV4_ROUTE_DELETE] 19
2017/11/19 14:54:11 ZEBRA: zebra message comes from socket [16]
2017/11/19 14:54:11 ZEBRA: zebra message received [ZEBRA_IPV4_ROUTE_DELETE] 19
2017/11/19 14:54:11 ZEBRA: zebra message comes from socket [16]
2017/11/19 14:54:11 ZEBRA: zebra message received [ZEBRA_IPV4_ROUTE_DELETE] 15
2017/11/19 14:54:11 ZEBRA: zebra message comes from socket [16]
2017/11/19 14:54:11 ZEBRA: zebra message received [ZEBRA_IPV4_ROUTE_DELETE] 15
2017/11/19 14:54:11 ZEBRA: zebra message comes from socket [16]
2017/11/19 14:54:11 ZEBRA: zebra message received [ZEBRA_IPV4_ROUTE_DELETE] 15
2017/11/19 14:54:11 ZEBRA: zebra message comes from socket [16]
2017/11/19 14:54:11 ZEBRA: zebra message received [ZEBRA_IPV4_ROUTE_DELETE] 28
2017/11/19 14:54:11 ZEBRA: zebra message comes from socket [16]
2017/11/19 14:54:11 ZEBRA: zebra message received [ZEBRA_IPV4_ROUTE_DELETE] 19
2017/11/19 14:54:11 ZEBRA: connection closed socket [16]
2017/11/19 14:54:11 ZEBRA: client 16 disconnected. 0 ospf routes removed from the rib
2017/11/19 14:54:13 ZEBRA: Terminating on signal
2017/11/19 14:54:13 ZEBRA: IRDP: Received shutdown notification.
2017/11/19 14:54:16 ZEBRA: Zebra 0.99.22.4 starting: vty@2601
2017/11/19 14:54:16 ZEBRA: zebra message comes from socket [16]
2017/11/19 14:54:16 ZEBRA: zebra message received [ZEBRA_HELLO] 1
2017/11/19 14:54:16 ZEBRA: client 16 says hello and bids fair to announce only ospf routes
2017/11/19 14:54:16 ZEBRA: zebra message comes from socket [16]
2017/11/19 14:54:16 ZEBRA: zebra message received [ZEBRA_ROUTER_ID_ADD] 0
2017/11/19 14:54:16 ZEBRA: zebra message comes from socket [16]
2017/11/19 14:54:16 ZEBRA: zebra message received [ZEBRA_INTERFACE_ADD] 0
2017/11/19 14:54:16 ZEBRA: zebra message comes from socket [16]
2017/11/19 14:54:16 ZEBRA: zebra message received [ZEBRA_IPV4_ROUTE_ADD] 19
2017/11/19 14:54:16 ZEBRA: zebra message comes from socket [16]
2017/11/19 14:54:16 ZEBRA: zebra message received [ZEBRA_IPV4_ROUTE_ADD] 19
2017/11/19 14:54:16 ZEBRA: zebra message comes from socket [16]
2017/11/19 14:54:16 ZEBRA: zebra message received [ZEBRA_IPV4_ROUTE_ADD] 19
2017/11/19 14:54:22 ZEBRA: zebra message comes from socket [16]
2017/11/19 14:54:22 ZEBRA: zebra message received [ZEBRA_IPV4_ROUTE_ADD] 23
2017/11/19 14:54:22 ZEBRA: zebra message comes from socket [16]
2017/11/19 14:54:22 ZEBRA: zebra message received [ZEBRA_IPV4_ROUTE_ADD] 23
2017/11/19 14:54:22 ZEBRA: zebra message comes from socket [16]
2017/11/19 14:54:22 ZEBRA: zebra message received [ZEBRA_IPV4_ROUTE_ADD] 23
2017/11/19 14:54:22 ZEBRA: zebra message comes from socket [16]
2017/11/19 14:54:22 ZEBRA: zebra message received [ZEBRA_IPV4_ROUTE_ADD] 23
2017/11/19 14:54:22 ZEBRA: zebra message comes from socket [16]
2017/11/19 14:54:22 ZEBRA: zebra message received [ZEBRA_IPV4_ROUTE_ADD] 23
2017/11/19 14:54:27 ZEBRA: zebra message comes from socket [16]
2017/11/19 14:54:27 ZEBRA: zebra message received [ZEBRA_IPV4_ROUTE_ADD] 32
2017/11/19 14:55:41 ZEBRA: zebra message comes from socket [16]
2017/11/19 14:55:41 ZEBRA: zebra message received [ZEBRA_IPV4_ROUTE_DELETE] 19
2017/11/19 14:55:41 ZEBRA: zebra message comes from socket [16]
2017/11/19 14:55:41 ZEBRA: zebra message received [ZEBRA_IPV4_ROUTE_DELETE] 19
2017/11/19 14:55:41 ZEBRA: zebra message comes from socket [16]
2017/11/19 14:55:41 ZEBRA: zebra message received [ZEBRA_IPV4_ROUTE_DELETE] 19
2017/11/19 14:55:41 ZEBRA: zebra message comes from socket [16]
2017/11/19 14:55:41 ZEBRA: zebra message received [ZEBRA_IPV4_ROUTE_DELETE] 15
2017/11/19 14:55:41 ZEBRA: zebra message comes from socket [16]
2017/11/19 14:55:41 ZEBRA: zebra message received [ZEBRA_IPV4_ROUTE_DELETE] 15
2017/11/19 14:55:41 ZEBRA: zebra message comes from socket [16]
2017/11/19 14:55:41 ZEBRA: zebra message received [ZEBRA_IPV4_ROUTE_DELETE] 15
2017/11/19 14:55:41 ZEBRA: zebra message comes from socket [16]
2017/11/19 14:55:41 ZEBRA: zebra message received [ZEBRA_IPV4_ROUTE_DELETE] 28
2017/11/19 14:55:41 ZEBRA: zebra message comes from socket [16]
2017/11/19 14:55:41 ZEBRA: zebra message received [ZEBRA_IPV4_ROUTE_DELETE] 19
2017/11/19 14:55:41 ZEBRA: connection closed socket [16]
2017/11/19 14:55:41 ZEBRA: client 16 disconnected. 0 ospf routes removed from the rib
2017/11/19 14:55:43 ZEBRA: Terminating on signal
2017/11/19 14:55:43 ZEBRA: IRDP: Received shutdown notification.
2017/11/19 14:55:49 ZEBRA: Zebra 0.99.22.4 starting: vty@2601
2017/11/19 14:55:49 ZEBRA: zebra message comes from socket [16]
2017/11/19 14:55:49 ZEBRA: zebra message received [ZEBRA_HELLO] 1
2017/11/19 14:55:49 ZEBRA: client 16 says hello and bids fair to announce only ospf routes
2017/11/19 14:55:49 ZEBRA: zebra message comes from socket [16]
2017/11/19 14:55:49 ZEBRA: zebra message received [ZEBRA_ROUTER_ID_ADD] 0
2017/11/19 14:55:49 ZEBRA: zebra message comes from socket [16]
2017/11/19 14:55:49 ZEBRA: zebra message received [ZEBRA_INTERFACE_ADD] 0
2017/11/19 14:55:49 ZEBRA: zebra message comes from socket [17]
2017/11/19 14:55:49 ZEBRA: zebra message received [ZEBRA_HELLO] 1
2017/11/19 14:55:49 ZEBRA: client 17 says hello and bids fair to announce only ospf6 routes
2017/11/19 14:55:49 ZEBRA: zebra message comes from socket [17]
2017/11/19 14:55:49 ZEBRA: zebra message received [ZEBRA_ROUTER_ID_ADD] 0
2017/11/19 14:55:49 ZEBRA: zebra message comes from socket [17]
2017/11/19 14:55:49 ZEBRA: zebra message received [ZEBRA_INTERFACE_ADD] 0
2017/11/19 14:55:49 ZEBRA: zebra message comes from socket [16]
2017/11/19 14:55:49 ZEBRA: zebra message received [ZEBRA_IPV4_ROUTE_ADD] 19
2017/11/19 14:55:49 ZEBRA: zebra message comes from socket [16]
2017/11/19 14:55:49 ZEBRA: zebra message received [ZEBRA_IPV4_ROUTE_ADD] 19
2017/11/19 14:55:49 ZEBRA: zebra message comes from socket [16]
2017/11/19 14:55:49 ZEBRA: zebra message received [ZEBRA_IPV4_ROUTE_ADD] 19
2017/11/19 14:55:54 ZEBRA: zebra message comes from socket [17]
2017/11/19 14:55:54 ZEBRA: zebra message received [ZEBRA_IPV6_ROUTE_ADD] 41
2017/11/19 14:55:54 ZEBRA: zebra message comes from socket [17]
2017/11/19 14:55:54 ZEBRA: zebra message received [ZEBRA_IPV6_ROUTE_DELETE] 41
2017/11/19 14:55:54 ZEBRA: zebra message comes from socket [17]
2017/11/19 14:55:54 ZEBRA: zebra message received [ZEBRA_IPV6_ROUTE_ADD] 41
2017/11/19 14:55:54 ZEBRA: zebra message comes from socket [17]
2017/11/19 14:55:54 ZEBRA: zebra message received [ZEBRA_IPV6_ROUTE_ADD] 41
2017/11/19 14:55:54 ZEBRA: zebra message comes from socket [17]
2017/11/19 14:55:54 ZEBRA: zebra message received [ZEBRA_IPV6_ROUTE_ADD] 41
2017/11/19 14:55:54 ZEBRA: zebra message comes from socket [17]
2017/11/19 14:55:54 ZEBRA: zebra message received [ZEBRA_IPV6_ROUTE_ADD] 41
2017/11/19 14:55:54 ZEBRA: zebra message comes from socket [17]
2017/11/19 14:55:54 ZEBRA: zebra message received [ZEBRA_IPV6_ROUTE_DELETE] 41
2017/11/19 14:55:54 ZEBRA: zebra message comes from socket [17]
2017/11/19 14:55:54 ZEBRA: zebra message received [ZEBRA_IPV6_ROUTE_DELETE] 41
2017/11/19 14:55:54 ZEBRA: zebra message comes from socket [17]
2017/11/19 14:55:54 ZEBRA: zebra message received [ZEBRA_IPV6_ROUTE_DELETE] 41
2017/11/19 14:55:54 ZEBRA: zebra message comes from socket [17]
2017/11/19 14:55:54 ZEBRA: zebra message received [ZEBRA_IPV6_ROUTE_DELETE] 41
2017/11/19 14:55:54 ZEBRA: zebra message comes from socket [17]
2017/11/19 14:55:54 ZEBRA: zebra message received [ZEBRA_IPV6_ROUTE_ADD] 41
2017/11/19 14:55:54 ZEBRA: zebra message comes from socket [17]
2017/11/19 14:55:54 ZEBRA: zebra message received [ZEBRA_IPV6_ROUTE_ADD] 41
2017/11/19 14:55:54 ZEBRA: zebra message comes from socket [17]
2017/11/19 14:55:54 ZEBRA: zebra message received [ZEBRA_IPV6_ROUTE_ADD] 41
2017/11/19 14:55:54 ZEBRA: zebra message comes from socket [17]
2017/11/19 14:55:54 ZEBRA: zebra message received [ZEBRA_IPV6_ROUTE_ADD] 41
2017/11/19 14:55:54 ZEBRA: zebra message comes from socket [17]
2017/11/19 14:55:54 ZEBRA: zebra message received [ZEBRA_IPV6_ROUTE_ADD] 41
2017/11/19 14:55:54 ZEBRA: zebra message comes from socket [17]
2017/11/19 14:55:54 ZEBRA: zebra message received [ZEBRA_IPV6_ROUTE_ADD] 41
2017/11/19 14:55:54 ZEBRA: zebra message comes from socket [17]
2017/11/19 14:55:54 ZEBRA: zebra message received [ZEBRA_IPV6_ROUTE_ADD] 41
2017/11/19 14:55:54 ZEBRA: zebra message comes from socket [17]
2017/11/19 14:55:54 ZEBRA: zebra message received [ZEBRA_IPV6_ROUTE_ADD] 41
2017/11/19 14:55:54 ZEBRA: zebra message comes from socket [16]
2017/11/19 14:55:54 ZEBRA: zebra message received [ZEBRA_IPV4_ROUTE_DELETE] 15
2017/11/19 14:55:54 ZEBRA: zebra message comes from socket [16]
2017/11/19 14:55:54 ZEBRA: zebra message received [ZEBRA_IPV4_ROUTE_DELETE] 15
2017/11/19 14:55:54 ZEBRA: zebra message comes from socket [16]
2017/11/19 14:55:54 ZEBRA: zebra message received [ZEBRA_IPV4_ROUTE_DELETE] 15
2017/11/19 14:55:54 ZEBRA: connection closed socket [16]
2017/11/19 14:55:54 ZEBRA: client 16 disconnected. 0 ospf routes removed from the rib
2017/11/19 14:55:56 ZEBRA: zebra message comes from socket [17]
2017/11/19 14:55:56 ZEBRA: zebra message received [ZEBRA_IPV6_ROUTE_DELETE] 41
2017/11/19 14:55:56 ZEBRA: zebra message comes from socket [17]
2017/11/19 14:55:56 ZEBRA: zebra message received [ZEBRA_IPV6_ROUTE_DELETE] 41
2017/11/19 14:55:56 ZEBRA: zebra message comes from socket [17]
2017/11/19 14:55:56 ZEBRA: zebra message received [ZEBRA_IPV6_ROUTE_DELETE] 41
2017/11/19 14:55:56 ZEBRA: zebra message comes from socket [17]
2017/11/19 14:55:56 ZEBRA: zebra message received [ZEBRA_IPV6_ROUTE_DELETE] 41
2017/11/19 14:55:56 ZEBRA: zebra message comes from socket [17]
2017/11/19 14:55:56 ZEBRA: zebra message received [ZEBRA_IPV6_ROUTE_ADD] 41
2017/11/19 14:55:56 ZEBRA: zebra message comes from socket [17]
2017/11/19 14:55:56 ZEBRA: zebra message received [ZEBRA_IPV6_ROUTE_DELETE] 41
2017/11/19 14:55:56 ZEBRA: zebra message comes from socket [17]
2017/11/19 14:55:56 ZEBRA: zebra message received [ZEBRA_IPV6_ROUTE_ADD] 41
2017/11/19 14:55:56 ZEBRA: zebra message comes from socket [17]
2017/11/19 14:55:56 ZEBRA: zebra message received [ZEBRA_IPV6_ROUTE_DELETE] 41
2017/11/19 14:55:56 ZEBRA: zebra message comes from socket [17]
2017/11/19 14:55:56 ZEBRA: zebra message received [ZEBRA_IPV6_ROUTE_DELETE] 41
2017/11/19 14:55:56 ZEBRA: zebra message comes from socket [17]
2017/11/19 14:55:56 ZEBRA: zebra message received [ZEBRA_IPV6_ROUTE_DELETE] 41
2017/11/19 14:55:56 ZEBRA: connection closed socket [17]
2017/11/19 14:55:56 ZEBRA: client 17 disconnected. 0 ospf6 routes removed from the rib
2017/11/19 14:55:58 ZEBRA: Terminating on signal
2017/11/19 14:55:58 ZEBRA: IRDP: Received shutdown notification.
2017/11/19 14:56:47 ZEBRA: Zebra 0.99.22.4 starting: vty@2601
2017/11/19 14:56:47 ZEBRA: zebra message comes from socket [16]
2017/11/19 14:56:47 ZEBRA: zebra message received [ZEBRA_HELLO] 1
2017/11/19 14:56:47 ZEBRA: client 16 says hello and bids fair to announce only ospf routes
2017/11/19 14:56:47 ZEBRA: zebra message comes from socket [16]
2017/11/19 14:56:47 ZEBRA: zebra message received [ZEBRA_ROUTER_ID_ADD] 0
2017/11/19 14:56:47 ZEBRA: zebra message comes from socket [16]
2017/11/19 14:56:47 ZEBRA: zebra message received [ZEBRA_INTERFACE_ADD] 0
2017/11/19 14:56:47 ZEBRA: zebra message comes from socket [17]
2017/11/19 14:56:48 ZEBRA: zebra message received [ZEBRA_HELLO] 1
2017/11/19 14:56:48 ZEBRA: client 17 says hello and bids fair to announce only ospf6 routes
2017/11/19 14:56:48 ZEBRA: zebra message comes from socket [17]
2017/11/19 14:56:48 ZEBRA: zebra message received [ZEBRA_ROUTER_ID_ADD] 0
2017/11/19 14:56:48 ZEBRA: zebra message comes from socket [17]
2017/11/19 14:56:48 ZEBRA: zebra message received [ZEBRA_INTERFACE_ADD] 0
2017/11/19 14:56:48 ZEBRA: zebra message comes from socket [16]
2017/11/19 14:56:48 ZEBRA: zebra message received [ZEBRA_IPV4_ROUTE_ADD] 19
2017/11/19 14:56:48 ZEBRA: zebra message comes from socket [16]
2017/11/19 14:56:48 ZEBRA: zebra message received [ZEBRA_IPV4_ROUTE_ADD] 19
2017/11/19 14:56:48 ZEBRA: zebra message comes from socket [16]
2017/11/19 14:56:48 ZEBRA: zebra message received [ZEBRA_IPV4_ROUTE_ADD] 19
2017/11/19 14:56:48 ZEBRA: zebra message comes from socket [17]
2017/11/19 14:56:48 ZEBRA: zebra message received [ZEBRA_IPV6_ROUTE_ADD] 41
2017/11/19 14:56:48 ZEBRA: zebra message comes from socket [17]
2017/11/19 14:56:48 ZEBRA: zebra message received [ZEBRA_IPV6_ROUTE_ADD] 41
2017/11/19 14:56:48 ZEBRA: zebra message comes from socket [17]
2017/11/19 14:56:48 ZEBRA: zebra message received [ZEBRA_IPV6_ROUTE_ADD] 41
2017/11/19 14:56:48 ZEBRA: zebra message comes from socket [17]
2017/11/19 14:56:48 ZEBRA: zebra message received [ZEBRA_IPV6_ROUTE_ADD] 41
2017/11/19 14:56:49 ZEBRA: zebra message comes from socket [17]
2017/11/19 14:56:49 ZEBRA: zebra message received [ZEBRA_IPV6_ROUTE_DELETE] 41
2017/11/19 14:56:49 ZEBRA: zebra message comes from socket [17]
2017/11/19 14:56:49 ZEBRA: zebra message received [ZEBRA_IPV6_ROUTE_DELETE] 41
2017/11/19 14:56:49 ZEBRA: zebra message comes from socket [17]
2017/11/19 14:56:49 ZEBRA: zebra message received [ZEBRA_IPV6_ROUTE_ADD] 41
2017/11/19 14:56:49 ZEBRA: zebra message comes from socket [17]
2017/11/19 14:56:49 ZEBRA: zebra message received [ZEBRA_IPV6_ROUTE_ADD] 41
2017/11/19 14:56:49 ZEBRA: zebra message comes from socket [17]
2017/11/19 14:56:49 ZEBRA: zebra message received [ZEBRA_IPV6_ROUTE_ADD] 41
2017/11/19 14:56:49 ZEBRA: zebra message comes from socket [17]
2017/11/19 14:56:49 ZEBRA: zebra message received [ZEBRA_IPV6_ROUTE_ADD] 41
2017/11/19 14:56:49 ZEBRA: zebra message comes from socket [17]
2017/11/19 14:56:49 ZEBRA: zebra message received [ZEBRA_IPV6_ROUTE_ADD] 41
2017/11/19 14:56:49 ZEBRA: zebra message comes from socket [17]
2017/11/19 14:56:49 ZEBRA: zebra message received [ZEBRA_IPV6_ROUTE_DELETE] 41
2017/11/19 14:56:49 ZEBRA: zebra message comes from socket [17]
2017/11/19 14:56:49 ZEBRA: zebra message received [ZEBRA_IPV6_ROUTE_DELETE] 41
2017/11/19 14:56:49 ZEBRA: zebra message comes from socket [17]
2017/11/19 14:56:49 ZEBRA: zebra message received [ZEBRA_IPV6_ROUTE_DELETE] 41
2017/11/19 14:56:49 ZEBRA: zebra message comes from socket [17]
2017/11/19 14:56:49 ZEBRA: zebra message received [ZEBRA_IPV6_ROUTE_ADD] 41
2017/11/19 14:56:49 ZEBRA: zebra message comes from socket [17]
2017/11/19 14:56:49 ZEBRA: zebra message received [ZEBRA_IPV6_ROUTE_ADD] 41
2017/11/19 14:56:49 ZEBRA: zebra message comes from socket [17]
2017/11/19 14:56:49 ZEBRA: zebra message received [ZEBRA_IPV6_ROUTE_ADD] 41
2017/11/19 14:56:54 ZEBRA: zebra message comes from socket [17]
2017/11/19 14:56:54 ZEBRA: zebra message received [ZEBRA_IPV6_ROUTE_ADD] 41
2017/11/19 14:56:54 ZEBRA: zebra message comes from socket [17]
2017/11/19 14:56:54 ZEBRA: zebra message received [ZEBRA_IPV6_ROUTE_ADD] 41
2017/11/19 14:56:54 ZEBRA: zebra message comes from socket [17]
2017/11/19 14:56:54 ZEBRA: zebra message received [ZEBRA_IPV6_ROUTE_ADD] 63
2017/11/19 14:56:54 ZEBRA: zebra message comes from socket [17]
2017/11/19 14:56:54 ZEBRA: zebra message received [ZEBRA_IPV6_ROUTE_ADD] 41
2017/11/19 14:56:54 ZEBRA: zebra message comes from socket [17]
2017/11/19 14:56:54 ZEBRA: zebra message received [ZEBRA_IPV6_ROUTE_ADD] 41
2017/11/19 14:56:54 ZEBRA: zebra message comes from socket [17]
2017/11/19 14:56:54 ZEBRA: zebra message received [ZEBRA_IPV6_ROUTE_DELETE] 41
2017/11/19 14:56:54 ZEBRA: zebra message comes from socket [17]
2017/11/19 14:56:54 ZEBRA: zebra message received [ZEBRA_IPV6_ROUTE_ADD] 41
2017/11/19 14:56:54 ZEBRA: zebra message comes from socket [17]
2017/11/19 14:56:54 ZEBRA: zebra message received [ZEBRA_IPV6_ROUTE_DELETE] 41
2017/11/19 14:56:54 ZEBRA: zebra message comes from socket [17]
2017/11/19 14:56:54 ZEBRA: zebra message received [ZEBRA_IPV6_ROUTE_DELETE] 41
2017/11/19 14:56:54 ZEBRA: zebra message comes from socket [17]
2017/11/19 14:56:54 ZEBRA: zebra message received [ZEBRA_IPV6_ROUTE_ADD] 41
2017/11/19 14:56:54 ZEBRA: zebra message comes from socket [17]
2017/11/19 14:56:54 ZEBRA: zebra message received [ZEBRA_IPV6_ROUTE_ADD] 41
2017/11/19 14:56:54 ZEBRA: zebra message comes from socket [17]
2017/11/19 14:56:54 ZEBRA: zebra message received [ZEBRA_IPV6_ROUTE_ADD] 41
2017/11/19 14:56:54 ZEBRA: zebra message comes from socket [17]
2017/11/19 14:56:54 ZEBRA: zebra message received [ZEBRA_IPV6_ROUTE_ADD] 41
2017/11/19 14:57:02 ZEBRA: zebra message comes from socket [16]
2017/11/19 14:57:02 ZEBRA: zebra message received [ZEBRA_IPV4_ROUTE_ADD] 23
2017/11/19 14:57:02 ZEBRA: zebra message comes from socket [16]
2017/11/19 14:57:02 ZEBRA: zebra message received [ZEBRA_IPV4_ROUTE_ADD] 23
2017/11/19 14:57:02 ZEBRA: zebra message comes from socket [16]
2017/11/19 14:57:02 ZEBRA: zebra message received [ZEBRA_IPV4_ROUTE_ADD] 23
2017/11/19 14:57:02 ZEBRA: zebra message comes from socket [16]
2017/11/19 14:57:02 ZEBRA: zebra message received [ZEBRA_IPV4_ROUTE_ADD] 23
2017/11/19 14:57:02 ZEBRA: zebra message comes from socket [16]
2017/11/19 14:57:02 ZEBRA: zebra message received [ZEBRA_IPV4_ROUTE_ADD] 23
2017/11/19 14:57:07 ZEBRA: zebra message comes from socket [16]
2017/11/19 14:57:07 ZEBRA: zebra message received [ZEBRA_IPV4_ROUTE_ADD] 32
